<?xml version="1.0" encoding="UTF-8"?>
<!-- Generated by org.testng.reporters.JUnitReportReporter -->
<testsuite skipped="30" hostname="LostYouth" name="com.testcases.VicubeSystem" tests="201" failures="0" timestamp="06 十月 2018 05:46:50 GMT" time="471.662" errors="0">
  <testcase name="alarmDisplayChooseFunction" time="2.096" classname="com.testcases.VicubeSystem"/>
  <testcase name="userManagement" time="1.096" classname="com.testcases.VicubeSystem"/>
  <testcase name="auditManagement" time="1.092" classname="com.testcases.VicubeSystem"/>
  <testcase name="userGroupDelete" time="3.429" classname="com.testcases.VicubeSystem"/>
  <testcase name="denoiseStrategyAlarmMergeRulesEditSelect" time="2.078" classname="com.testcases.VicubeSystem"/>
  <testcase name="workingGroupAssignmentManagement" time="2.532" classname="com.testcases.VicubeSystem"/>
  <testcase name="systemSetting" time="1.507" classname="com.testcases.VicubeSystem"/>
  <testcase name="userLogin" time="1.576" classname="com.testcases.VicubeSystem"/>
  <testcase name="alarmRulesDelete" time="3.449" classname="com.testcases.VicubeSystem"/>
  <testcase name="alarmDisplay" time="1.101" classname="com.testcases.VicubeSystem"/>
  <testcase name="promptMessage" time="4.133" classname="com.testcases.VicubeSystem"/>
  <testcase name="workingGroupManagementGreate" time="2.533" classname="com.testcases.VicubeSystem"/>
  <testcase name="alarmDisplayResolvedOfClearMemoryHintConfirm" time="1.166" classname="com.testcases.VicubeSystem"/>
  <testcase name="alarmDisplayResolvedOfResolvedHintConfirm" time="1.121" classname="com.testcases.VicubeSystem"/>
  <testcase name="userCreateSave" time="1.754" classname="com.testcases.VicubeSystem"/>
  <testcase name="promptMessage" time="4.150" classname="com.testcases.VicubeSystem"/>
  <testcase name="alarmDisplaySelect" time="5.443" classname="com.testcases.VicubeSystem"/>
  <testcase name="promptMessage" time="4.128" classname="com.testcases.VicubeSystem"/>
  <testcase name="userAssignmentGroup" time="2.651" classname="com.testcases.VicubeSystem"/>
  <testcase name="alarmConfig" time="1.108" classname="com.testcases.VicubeSystem"/>
  <testcase name="alarmDisplayConfirmation" time="1.882" classname="com.testcases.VicubeSystem"/>
  <testcase name="alarmDisplayPendingAlarm" time="1.095" classname="com.testcases.VicubeSystem"/>
  <testcase name="alarmDisplayViewResolved2" time="1.100" classname="com.testcases.VicubeSystem"/>
  <testcase name="alarmDisplayAlarmsNumberVerify" time="2.578" classname="com.testcases.VicubeSystem"/>
  <testcase name="alarmMergeRulesCreateRulesConditionAdvancedSetting" time="1.540" classname="com.testcases.VicubeSystem"/>
  <testcase name="alarmClassifyRulesEditBasicSetting" time="2.731" classname="com.testcases.VicubeSystem"/>
  <testcase name="systemSetting" time="1.567" classname="com.testcases.VicubeSystem"/>
  <testcase name="alarmDisplayViewCancel" time="1.110" classname="com.testcases.VicubeSystem"/>
  <testcase name="promptMessage" time="4.145" classname="com.testcases.VicubeSystem"/>
  <testcase name="verifyMenuSystemManagement" time="1.081" classname="com.testcases.VicubeSystem"/>
  <testcase name="vicubeLogin" time="7.152" classname="com.testcases.VicubeSystem"/>
  <testcase name="vicubeLogin" time="7.283" classname="com.testcases.VicubeSystem"/>
  <testcase name="alarmDisplayView2" time="1.199" classname="com.testcases.VicubeSystem"/>
  <testcase name="alarmDisplayResolvedOfResolved" time="1.971" classname="com.testcases.VicubeSystem"/>
  <testcase name="alarmDisplayChooseFunction3" time="1.094" classname="com.testcases.VicubeSystem"/>
  <testcase name="clickSelectButton" time="1.152" classname="com.testcases.VicubeSystem"/>
  <testcase name="alarmDisplayChooseFunction" time="2.098" classname="com.testcases.VicubeSystem"/>
  <testcase name="alarmDisplayViewOtherInformation" time="1.136" classname="com.testcases.VicubeSystem"/>
  <testcase name="alarmDisplayResolvedOfIgnore" time="2.353" classname="com.testcases.VicubeSystem"/>
  <testcase name="denoiseStrategyAlarmClassifyRulesSelectVerify" time="3.163" classname="com.testcases.VicubeSystem"/>
  <testcase name="userManagement" time="1.108" classname="com.testcases.VicubeSystem"/>
  <testcase name="denoiseStrategy" time="1.108" classname="com.testcases.VicubeSystem"/>
  <testcase name="alarmDisplayAlarmRank" time="5.425" classname="com.testcases.VicubeSystem"/>
  <testcase name="workingGroupManagement" time="1.091" classname="com.testcases.VicubeSystem"/>
  <testcase name="alarmDisplay" time="1.095" classname="com.testcases.VicubeSystem"/>
  <testcase name="userEditSaveSelect" time="5.154" classname="com.testcases.VicubeSystem"/>
  <testcase name="alarmDisplayResolvedButton" time="1.192" classname="com.testcases.VicubeSystem"/>
  <testcase name="userAllocationPrivilege" time="2.425" classname="com.testcases.VicubeSystem"/>
  <testcase name="alarmMergeRulesEditRulesConditionSetting" time="1.090" classname="com.testcases.VicubeSystem"/>
  <testcase name="userEditSaveSelect1" time="5.069" classname="com.testcases.VicubeSystem"/>
  <testcase name="alarmDisplayAlarmsNumber" time="2.904" classname="com.testcases.VicubeSystem"/>
  <testcase name="denoiseStrategyAlarmMergeRulesSelectVerify" time="3.167" classname="com.testcases.VicubeSystem"/>
  <testcase name="alarmDisplayForwardShiftingAlarm" time="3.140" classname="com.testcases.VicubeSystem"/>
  <testcase name="alarmConfig" time="1.122" classname="com.testcases.VicubeSystem"/>
  <testcase name="alarmClassifyRulesCreateRulesConditionAdvancedSetting" time="1.533" classname="com.testcases.VicubeSystem"/>
  <testcase name="alarmDisplayResolvedButton2" time="1.173" classname="com.testcases.VicubeSystem"/>
  <testcase name="alarmDisplayColumnSettingAllChoose" time="7.267" classname="com.testcases.VicubeSystem"/>
  <testcase name="auditManagementSelect" time="4.551" classname="com.testcases.VicubeSystem"/>
  <testcase name="editSave" time="1.725" classname="com.testcases.VicubeSystem"/>
  <testcase name="alarmMergeRulesCreateRulesConditionSetting" time="2.217" classname="com.testcases.VicubeSystem"/>
  <testcase name="systemSetting" time="2.290" classname="com.testcases.VicubeSystem"/>
  <testcase name="promptMessage" time="4.204" classname="com.testcases.VicubeSystem"/>
  <testcase name="commonSave" time="1.751" classname="com.testcases.VicubeSystem"/>
  <testcase name="alarmRulesBlockUp" time="1.473" classname="com.testcases.VicubeSystem"/>
  <testcase name="alarmDisplayForwardShiftingHintConfirm" time="1.096" classname="com.testcases.VicubeSystem"/>
  <testcase name="alarmDisplayViewForwardShiftingHintConfirm" time="1.130" classname="com.testcases.VicubeSystem"/>
  <testcase name="promptMessage" time="4.125" classname="com.testcases.VicubeSystem"/>
  <testcase name="alarmClassifyRulesEditAlarmClassifySetting" time="1.156" classname="com.testcases.VicubeSystem"/>
  <testcase name="alarmDisplayChooseFunction2" time="2.107" classname="com.testcases.VicubeSystem"/>
  <testcase name="alarmDisplayResolvedOfClearMemory" time="3.260" classname="com.testcases.VicubeSystem"/>
  <testcase name="denoiseStrategy" time="1.118" classname="com.testcases.VicubeSystem"/>
  <testcase name="vicubeLogin" time="7.114" classname="com.testcases.VicubeSystem"/>
  <testcase name="promptMessage" time="4.126" classname="com.testcases.VicubeSystem"/>
  <testcase name="alarmClassifyRulesEditRulesConditionSetting" time="1.096" classname="com.testcases.VicubeSystem"/>
  <testcase name="alarmMergeRulesEditRulesConditionAdvancedSetting" time="1.095" classname="com.testcases.VicubeSystem"/>
  <testcase name="alarmDisplayForwardShiftingAlarm" time="3.204" classname="com.testcases.VicubeSystem"/>
  <testcase name="vicubeLogin" time="7.061" classname="com.testcases.VicubeSystem"/>
  <testcase name="alarmDisplayViewMultitermHint" time="1.672" classname="com.testcases.VicubeSystem"/>
  <testcase name="userLogoutSystem" time="3.195" classname="com.testcases.VicubeSystem"/>
  <testcase name="alarmClassifyRulesEditRulesConditionAdvancedSetting" time="1.120" classname="com.testcases.VicubeSystem"/>
  <testcase name="alarmDisplayResolvedButton3" time="1.224" classname="com.testcases.VicubeSystem"/>
  <testcase name="promptMessage" time="4.131" classname="com.testcases.VicubeSystem"/>
  <testcase name="alarmDisplayViewResolvedOfResolvedHintConfirm" time="1.108" classname="com.testcases.VicubeSystem"/>
  <testcase name="userGroupChangeState" time="4.422" classname="com.testcases.VicubeSystem"/>
  <testcase name="denoiseStrategyAlarmMergeRulesEditSelect1" time="2.095" classname="com.testcases.VicubeSystem"/>
  <testcase name="concentratedAlarm" time="1.138" classname="com.testcases.VicubeSystem"/>
  <testcase name="alarmDisplayResolvedAlarm" time="3.199" classname="com.testcases.VicubeSystem"/>
  <testcase name="alarmRulesDelete" time="3.509" classname="com.testcases.VicubeSystem"/>
  <testcase name="alarmClassifyRulesCreateBasicSetting" time="2.827" classname="com.testcases.VicubeSystem"/>
  <testcase name="userSelect" time="3.811" classname="com.testcases.VicubeSystem"/>
  <testcase name="alarmDisplayForwardShiftingClick" time="1.241" classname="com.testcases.VicubeSystem"/>
  <testcase name="workingGroupManagementEdit" time="3.508" classname="com.testcases.VicubeSystem"/>
  <testcase name="userLogoutSystem" time="3.174" classname="com.testcases.VicubeSystem"/>
  <testcase name="alarmMergeRulesEditAlarmMergeSetting" time="1.098" classname="com.testcases.VicubeSystem"/>
  <testcase name="alarmDisplayChooseFunction2" time="2.074" classname="com.testcases.VicubeSystem"/>
  <testcase name="alarmClassifyRulesCreateAlarmClassifySetting" time="1.172" classname="com.testcases.VicubeSystem"/>
  <testcase name="alarmDisplayViewOperationLogs" time="1.573" classname="com.testcases.VicubeSystem"/>
  <testcase name="vicubeLogin" time="7.289" classname="com.testcases.VicubeSystem"/>
  <testcase name="alarmMergeRulesEditBasicSetting" time="2.781" classname="com.testcases.VicubeSystem"/>
  <testcase name="alarmRulesStartUsing" time="1.468" classname="com.testcases.VicubeSystem"/>
  <testcase name="commonSave" time="1.858" classname="com.testcases.VicubeSystem"/>
  <testcase name="denoiseStrategyAlarmMergeRulesEditSelectVerify" time="2.744" classname="com.testcases.VicubeSystem"/>
  <testcase name="menuModle" time="1.702" classname="com.testcases.VicubeSystem"/>
  <testcase name="workingGroupManagementSelect" time="4.479" classname="com.testcases.VicubeSystem"/>
  <testcase name="vicubeLogin" time="7.050" classname="com.testcases.VicubeSystem"/>
  <testcase name="userEditSaveSelect" time="4.917" classname="com.testcases.VicubeSystem"/>
  <testcase name="chooseUserButton" time="3.078" classname="com.testcases.VicubeSystem"/>
  <testcase name="alarmDisplaySelect" time="5.451" classname="com.testcases.VicubeSystem"/>
  <testcase name="concentratedAlarm" time="1.115" classname="com.testcases.VicubeSystem"/>
  <testcase name="alarmRulesBlockUp" time="1.462" classname="com.testcases.VicubeSystem"/>
  <testcase name="userResetPassword" time="3.444" classname="com.testcases.VicubeSystem"/>
  <testcase name="concentratedAlarm" time="1.108" classname="com.testcases.VicubeSystem"/>
  <testcase name="workingGroupManagementEditSelect" time="4.565" classname="com.testcases.VicubeSystem"/>
  <testcase name="userChangeState" time="4.400" classname="com.testcases.VicubeSystem"/>
  <testcase name="alarmDisplayResolvedOfIgnoreHintConfirm" time="1.105" classname="com.testcases.VicubeSystem"/>
  <testcase name="userAllocationPrivilegeSave" time="1.780" classname="com.testcases.VicubeSystem"/>
  <testcase name="workingGroupAssignmentUser" time="2.625" classname="com.testcases.VicubeSystem"/>
  <testcase name="alarmDisplayView3" time="1.249" classname="com.testcases.VicubeSystem"/>
  <testcase name="userManagementCreate" time="3.247" classname="com.testcases.VicubeSystem"/>
  <testcase name="clickSelectButton" time="1.145" classname="com.testcases.VicubeSystem"/>
  <testcase name="alarmDisplayViewForwardShifting" time="1.145" classname="com.testcases.VicubeSystem"/>
  <testcase name="alarmMergeRulesCreateAlarmMergeSetting" time="1.589" classname="com.testcases.VicubeSystem"/>
  <testcase name="alarmDisplayChooseTwoFunction" time="1.124" classname="com.testcases.VicubeSystem"/>
  <testcase name="alarmDisplayResolvedOfResolved" time="1.842" classname="com.testcases.VicubeSystem"/>
  <testcase name="vicubeLogin" time="6.954" classname="com.testcases.VicubeSystem"/>
  <testcase name="userChangeState" time="4.440" classname="com.testcases.VicubeSystem"/>
  <testcase name="promptMessage" time="4.149" classname="com.testcases.VicubeSystem"/>
  <testcase name="alarmDisplayViewResolvedOfIgnoreHintConfirm" time="1.108" classname="com.testcases.VicubeSystem"/>
  <testcase name="alarmDisplayViewEventQuery" time="1.728" classname="com.testcases.VicubeSystem"/>
  <testcase name="alarmDisplayRelevanceAlarm" time="1.457" classname="com.testcases.VicubeSystem"/>
  <testcase name="alarmClassifyRulesCreateRulesConditionSetting" time="2.233" classname="com.testcases.VicubeSystem"/>
  <testcase name="alarmDisplayForwardShifting" time="2.195" classname="com.testcases.VicubeSystem"/>
  <testcase name="promptMessage" time="4.119" classname="com.testcases.VicubeSystem"/>
  <testcase name="systemSetting" time="1.488" classname="com.testcases.VicubeSystem"/>
  <testcase name="denoiseStrategyChooseAlarmClassifyRules" time="1.875" classname="com.testcases.VicubeSystem"/>
  <testcase name="alarmDisplayConfirmationClick" time="1.222" classname="com.testcases.VicubeSystem"/>
  <testcase name="alarmDisplayPendingAlarm" time="1.074" classname="com.testcases.VicubeSystem"/>
  <testcase name="vicubeLogin" time="6.126" classname="com.testcases.VicubeSystem"/>
  <testcase name="denoiseStrategyAlarmClassifyRulesEditSelectVerify" time="2.681" classname="com.testcases.VicubeSystem"/>
  <testcase name="alarmDisplaySearch" time="2.538" classname="com.testcases.VicubeSystem"/>
  <testcase name="systemSetting" time="1.479" classname="com.testcases.VicubeSystem"/>
  <testcase name="alarmDisplayAutoRefresh" time="23.444" classname="com.testcases.VicubeSystem"/>
  <testcase name="workingGroupManagement" time="1.097" classname="com.testcases.VicubeSystem"/>
  <testcase name="denoiseStrategyAlarmClassifyRulesEditSelect1" time="2.019" classname="com.testcases.VicubeSystem"/>
  <testcase name="userAllocationPrivilegeSave" time="1.382" classname="com.testcases.VicubeSystem"/>
  <testcase name="userInvalidLogin" time="3.569" classname="com.testcases.VicubeSystem"/>
  <testcase name="alarmDisplayView4" time="1.307" classname="com.testcases.VicubeSystem"/>
  <testcase name="alarmDisplayResolvedOfIgnore" time="2.437" classname="com.testcases.VicubeSystem"/>
  <testcase name="refresh" time="4.515" classname="com.testcases.VicubeSystem"/>
  <testcase name="userAllocationPrivilege" time="2.295" classname="com.testcases.VicubeSystem"/>
  <testcase name="alarmDisplayViewResolved" time="1.106" classname="com.testcases.VicubeSystem"/>
  <testcase name="alarmDisplayIgnoreAlarm" time="2.198" classname="com.testcases.VicubeSystem"/>
  <testcase name="concentratedAlarm" time="1.114" classname="com.testcases.VicubeSystem"/>
  <testcase name="vicubeLogin" time="6.985" classname="com.testcases.VicubeSystem"/>
  <testcase name="vicubeLogin" time="7.446" classname="com.testcases.VicubeSystem"/>
  <testcase name="concentratedAlarm" time="1.108" classname="com.testcases.VicubeSystem"/>
  <testcase name="alarmRulesStartUsing" time="1.427" classname="com.testcases.VicubeSystem"/>
  <testcase name="denoiseStrategyChooseAlarmMergeRules" time="1.556" classname="com.testcases.VicubeSystem"/>
  <testcase name="userEdit" time="4.083" classname="com.testcases.VicubeSystem"/>
  <testcase name="alarmDisplayColumnSettingAllCancle" time="9.952" classname="com.testcases.VicubeSystem"/>
  <testcase name="userDelete" time="3.432" classname="com.testcases.VicubeSystem"/>
  <testcase name="workingGroupManagementInvalidSelect" time="3.764" classname="com.testcases.VicubeSystem"/>
  <testcase name="alarmDisplayForwardShiftingMode2" time="2.168" classname="com.testcases.VicubeSystem"/>
  <testcase name="userManagement" time="1.091" classname="com.testcases.VicubeSystem"/>
  <testcase name="alarmMergeRulesCreateBasicSetting" time="2.788" classname="com.testcases.VicubeSystem"/>
  <testcase name="workingGroupManagementEditSelect" time="4.482" classname="com.testcases.VicubeSystem"/>
  <testcase name="denoiseStrategyAlarmClassifyRulesEditSelect" time="2.049" classname="com.testcases.VicubeSystem"/>
  <testcase name="alarmDisplayView" time="1.252" classname="com.testcases.VicubeSystem"/>
  <testcase name="alarmDisplayConfirmedAlarm" time="2.170" classname="com.testcases.VicubeSystem"/>
  <testcase name="auditManagementViewLog" time="1.881" classname="com.testcases.VicubeSystem"/>
  <testcase name="alarmDisplay" time="1.091" classname="com.testcases.VicubeSystem"/>
  <testcase name="alarmClassifyRulesCreate" classname="com.testcases.VicubeSystem">
    <skipped/>
  </testcase> <!-- alarmClassifyRulesCreate -->
  <testcase name="alarmClassifyRulesCreate" classname="com.testcases.VicubeSystem">
    <skipped/>
  </testcase> <!-- alarmClassifyRulesCreate -->
  <testcase name="alarmClassifyRulesCreate" classname="com.testcases.VicubeSystem">
    <skipped/>
  </testcase> <!-- alarmClassifyRulesCreate -->
  <testcase name="alarmClassifyRulesCreate" classname="com.testcases.VicubeSystem">
    <skipped/>
  </testcase> <!-- alarmClassifyRulesCreate -->
  <testcase name="alarmClassifyRulesCreate" classname="com.testcases.VicubeSystem">
    <skipped/>
  </testcase> <!-- alarmClassifyRulesCreate -->
  <testcase name="alarmClassifyRulesCreate" classname="com.testcases.VicubeSystem">
    <skipped/>
  </testcase> <!-- alarmClassifyRulesCreate -->
  <testcase name="alarmClassifyRulesCreate" classname="com.testcases.VicubeSystem">
    <skipped/>
  </testcase> <!-- alarmClassifyRulesCreate -->
  <testcase name="alarmClassifyRulesCreate" classname="com.testcases.VicubeSystem">
    <skipped/>
  </testcase> <!-- alarmClassifyRulesCreate -->
  <testcase name="alarmClassifyRulesCreate" classname="com.testcases.VicubeSystem">
    <skipped/>
  </testcase> <!-- alarmClassifyRulesCreate -->
  <testcase name="alarmClassifyRulesCreate" classname="com.testcases.VicubeSystem">
    <skipped/>
  </testcase> <!-- alarmClassifyRulesCreate -->
  <testcase name="userViewConfig" classname="com.testcases.VicubeSystem">
    <skipped/>
  </testcase> <!-- userViewConfig -->
  <testcase name="userViewConfig" classname="com.testcases.VicubeSystem">
    <skipped/>
  </testcase> <!-- userViewConfig -->
  <testcase name="userViewConfig" classname="com.testcases.VicubeSystem">
    <skipped/>
  </testcase> <!-- userViewConfig -->
  <testcase name="userViewConfig" classname="com.testcases.VicubeSystem">
    <skipped/>
  </testcase> <!-- userViewConfig -->
  <testcase name="userViewConfig" classname="com.testcases.VicubeSystem">
    <skipped/>
  </testcase> <!-- userViewConfig -->
  <testcase name="userViewConfig" classname="com.testcases.VicubeSystem">
    <skipped/>
  </testcase> <!-- userViewConfig -->
  <testcase name="userViewConfig" classname="com.testcases.VicubeSystem">
    <skipped/>
  </testcase> <!-- userViewConfig -->
  <testcase name="userViewConfig" classname="com.testcases.VicubeSystem">
    <skipped/>
  </testcase> <!-- userViewConfig -->
  <testcase name="userViewConfig" classname="com.testcases.VicubeSystem">
    <skipped/>
  </testcase> <!-- userViewConfig -->
  <testcase name="userViewConfig" classname="com.testcases.VicubeSystem">
    <skipped/>
  </testcase> <!-- userViewConfig -->
  <testcase name="alarmDisplaySelectClear" classname="com.testcases.VicubeSystem">
    <skipped/>
  </testcase> <!-- alarmDisplaySelectClear -->
  <testcase name="alarmDisplaySelectClear" classname="com.testcases.VicubeSystem">
    <skipped/>
  </testcase> <!-- alarmDisplaySelectClear -->
  <testcase name="alarmDisplaySelectClear" classname="com.testcases.VicubeSystem">
    <skipped/>
  </testcase> <!-- alarmDisplaySelectClear -->
  <testcase name="alarmDisplaySelectClear" classname="com.testcases.VicubeSystem">
    <skipped/>
  </testcase> <!-- alarmDisplaySelectClear -->
  <testcase name="alarmDisplaySelectClear" classname="com.testcases.VicubeSystem">
    <skipped/>
  </testcase> <!-- alarmDisplaySelectClear -->
  <testcase name="alarmDisplaySelectClear" classname="com.testcases.VicubeSystem">
    <skipped/>
  </testcase> <!-- alarmDisplaySelectClear -->
  <testcase name="alarmDisplaySelectClear" classname="com.testcases.VicubeSystem">
    <skipped/>
  </testcase> <!-- alarmDisplaySelectClear -->
  <testcase name="alarmDisplaySelectClear" classname="com.testcases.VicubeSystem">
    <skipped/>
  </testcase> <!-- alarmDisplaySelectClear -->
  <testcase name="alarmDisplaySelectClear" classname="com.testcases.VicubeSystem">
    <skipped/>
  </testcase> <!-- alarmDisplaySelectClear -->
  <testcase name="alarmDisplaySelectClear" classname="com.testcases.VicubeSystem">
    <skipped/>
  </testcase> <!-- alarmDisplaySelectClear -->
</testsuite> <!-- com.testcases.VicubeSystem -->
