<?xml version="1.0" encoding="UTF-8"?>
<!-- Generated by org.testng.reporters.JUnitReportReporter -->
<testsuite skipped="5" hostname="LostYouth" name="com.testcases.VicubeSystem" tests="63" failures="0" timestamp="07 九月 2018 05:57:13 GMT" time="188.927" errors="0">
  <testcase name="userDelete" time="3.493" classname="com.testcases.VicubeSystem"/>
  <testcase name="promptMessage" time="6.257" classname="com.testcases.VicubeSystem"/>
  <testcase name="userLogin" time="2.100" classname="com.testcases.VicubeSystem"/>
  <testcase name="userCreateSave" time="1.775" classname="com.testcases.VicubeSystem"/>
  <testcase name="workingGroupManagement" time="1.095" classname="com.testcases.VicubeSystem"/>
  <testcase name="clickSelectButton" time="1.169" classname="com.testcases.VicubeSystem"/>
  <testcase name="userAllocationPrivilege" time="1.900" classname="com.testcases.VicubeSystem"/>
  <testcase name="userChangeState" time="4.561" classname="com.testcases.VicubeSystem"/>
  <testcase name="vicubeLogin" time="2.902" classname="com.testcases.VicubeSystem"/>
  <testcase name="workingGroupManagement" time="1.126" classname="com.testcases.VicubeSystem"/>
  <testcase name="auditManagement" time="1.093" classname="com.testcases.VicubeSystem"/>
  <testcase name="commonSave" time="1.768" classname="com.testcases.VicubeSystem"/>
  <testcase name="userAllocationPrivilege" time="1.880" classname="com.testcases.VicubeSystem"/>
  <testcase name="userEditSaveSelect" time="5.037" classname="com.testcases.VicubeSystem"/>
  <testcase name="vicubeLogin" time="1.770" classname="com.testcases.VicubeSystem"/>
  <testcase name="vicubeLogin" time="3.088" classname="com.testcases.VicubeSystem"/>
  <testcase name="systemSetting" time="1.446" classname="com.testcases.VicubeSystem"/>
  <testcase name="workingGroupAssignmentUser" time="2.914" classname="com.testcases.VicubeSystem"/>
  <testcase name="userAssignmentGroup" time="2.941" classname="com.testcases.VicubeSystem"/>
  <testcase name="workingGroupManagementInvalidSelect" time="5.207" classname="com.testcases.VicubeSystem"/>
  <testcase name="userAllocationPrivilegeSave" time="1.782" classname="com.testcases.VicubeSystem"/>
  <testcase name="systemSetting" time="1.442" classname="com.testcases.VicubeSystem"/>
  <testcase name="userChangeState" time="4.530" classname="com.testcases.VicubeSystem"/>
  <testcase name="promptMessage" time="6.260" classname="com.testcases.VicubeSystem"/>
  <testcase name="promptMessage" time="6.287" classname="com.testcases.VicubeSystem"/>
  <testcase name="workingGroupManagementSelect" time="4.598" classname="com.testcases.VicubeSystem"/>
  <testcase name="promptMessage" time="6.258" classname="com.testcases.VicubeSystem"/>
  <testcase name="workingGroupAssignmentManagement" time="2.567" classname="com.testcases.VicubeSystem"/>
  <testcase name="userLogoutSystem" time="5.522" classname="com.testcases.VicubeSystem"/>
  <testcase name="userAllocationPrivilegeSave" time="1.781" classname="com.testcases.VicubeSystem"/>
  <testcase name="systemSetting" time="1.640" classname="com.testcases.VicubeSystem"/>
  <testcase name="userResetPassword" time="3.532" classname="com.testcases.VicubeSystem"/>
  <testcase name="refresh" time="6.678" classname="com.testcases.VicubeSystem"/>
  <testcase name="auditManagementViewLog" time="1.980" classname="com.testcases.VicubeSystem"/>
  <testcase name="systemSetting" time="1.632" classname="com.testcases.VicubeSystem"/>
  <testcase name="userEditSaveSelect" time="5.550" classname="com.testcases.VicubeSystem"/>
  <testcase name="vicubeLogin" time="3.484" classname="com.testcases.VicubeSystem"/>
  <testcase name="vicubeLogin" time="3.001" classname="com.testcases.VicubeSystem"/>
  <testcase name="userManagementCreate" time="5.341" classname="com.testcases.VicubeSystem"/>
  <testcase name="editSave" time="1.705" classname="com.testcases.VicubeSystem"/>
  <testcase name="systemSetting" time="1.483" classname="com.testcases.VicubeSystem"/>
  <testcase name="userManagement" time="1.105" classname="com.testcases.VicubeSystem"/>
  <testcase name="promptMessage" time="6.237" classname="com.testcases.VicubeSystem"/>
  <testcase name="userEdit" time="4.389" classname="com.testcases.VicubeSystem"/>
  <testcase name="userManagement" time="1.097" classname="com.testcases.VicubeSystem"/>
  <testcase name="workingGroupManagementGreate" time="3.103" classname="com.testcases.VicubeSystem"/>
  <testcase name="userEditSaveSelect" time="5.213" classname="com.testcases.VicubeSystem"/>
  <testcase name="clickSelectButton" time="1.153" classname="com.testcases.VicubeSystem"/>
  <testcase name="userGroupDelete" time="3.439" classname="com.testcases.VicubeSystem"/>
  <testcase name="workingGroupManagementEdit" time="3.898" classname="com.testcases.VicubeSystem"/>
  <testcase name="userInvalidLogin" time="4.061" classname="com.testcases.VicubeSystem"/>
  <testcase name="userLogoutSystem" time="5.571" classname="com.testcases.VicubeSystem"/>
  <testcase name="workingGroupManagementEditSelect" time="4.948" classname="com.testcases.VicubeSystem"/>
  <testcase name="auditManagementSelect" time="2.750" classname="com.testcases.VicubeSystem"/>
  <testcase name="userChangeState" time="4.562" classname="com.testcases.VicubeSystem"/>
  <testcase name="commonSave" time="1.803" classname="com.testcases.VicubeSystem"/>
  <testcase name="userManagement" time="1.129" classname="com.testcases.VicubeSystem"/>
  <testcase name="userSelect" time="3.894" classname="com.testcases.VicubeSystem"/>
  <testcase name="userViewConfig" classname="com.testcases.VicubeSystem">
    <skipped/>
  </testcase> <!-- userViewConfig -->
  <testcase name="userViewConfig" classname="com.testcases.VicubeSystem">
    <skipped/>
  </testcase> <!-- userViewConfig -->
  <testcase name="userViewConfig" classname="com.testcases.VicubeSystem">
    <skipped/>
  </testcase> <!-- userViewConfig -->
  <testcase name="userViewConfig" classname="com.testcases.VicubeSystem">
    <skipped/>
  </testcase> <!-- userViewConfig -->
  <testcase name="userViewConfig" classname="com.testcases.VicubeSystem">
    <skipped/>
  </testcase> <!-- userViewConfig -->
</testsuite> <!-- com.testcases.VicubeSystem -->
