<?xml version="1.0" encoding="UTF-8"?>
<!-- Generated by org.testng.reporters.JUnitReportReporter -->
<testsuite skipped="0" hostname="丹哥" name="com.cases.VicubeInterfaceCase175" tests="90" failures="0" timestamp="16 八月 2018 03:00:00 GMT" time="19.815" errors="2">
  <testcase name="queryWarningRuleList" time="0.048" classname="com.cases.VicubeInterfaceCase175"/>
  <testcase name="queryAllObjectsByUserId" time="0.044" classname="com.cases.VicubeInterfaceCase175"/>
  <testcase name="getViewsExcludeKpiAndDeskTop" time="0.959" classname="com.cases.VicubeInterfaceCase175"/>
  <testcase name="countAlertFromCacheForHtmlData" time="0.016" classname="com.cases.VicubeInterfaceCase175"/>
  <testcase name="updateBaseLinePolicy" time="0.014" classname="com.cases.VicubeInterfaceCase175"/>
  <testcase name="queryObjectsByGroupId" time="0.066" classname="com.cases.VicubeInterfaceCase175"/>
  <testcase name="queryAuditInfo" time="0.139" classname="com.cases.VicubeInterfaceCase175"/>
  <testcase name="grantUsers2Group" time="0.014" classname="com.cases.VicubeInterfaceCase175"/>
  <testcase name="getForwardTypeMap" time="0.038" classname="com.cases.VicubeInterfaceCase175"/>
  <testcase name="getGlobalModule" time="0.015" classname="com.cases.VicubeInterfaceCase175"/>
  <testcase name="findInstanceByModelSortOrder" time="0.008" classname="com.cases.VicubeInterfaceCase175"/>
  <testcase name="sendForwordAction" time="0.021" classname="com.cases.VicubeInterfaceCase175"/>
  <testcase name="findByName" time="0.012" classname="com.cases.VicubeInterfaceCase175"/>
  <testcase name="findById" time="0.001" classname="com.cases.VicubeInterfaceCase175">
    <error type="java.lang.IllegalArgumentException" message="Source string may not be null">
      <![CDATA[java.lang.IllegalArgumentException: Source string may not be null
at org.apache.http.util.Args.notNull(Args.java:54)
at org.apache.http.entity.StringEntity.<init>(StringEntity.java:65)
at org.apache.http.entity.StringEntity.<init>(StringEntity.java:116)
at com.utils.HttpFunction.setRequestListParamsOfPost(HttpFunction.java:182)
at com.utils.HttpFunction.post(HttpFunction.java:94)
at com.cases.VicubeInterfaceCase175.findById(VicubeInterfaceCase175.java:496)
at sun.reflect.NativeMethodAccessorImpl.invoke0(Native Method)
at sun.reflect.NativeMethodAccessorImpl.invoke(NativeMethodAccessorImpl.java:62)
at sun.reflect.DelegatingMethodAccessorImpl.invoke(DelegatingMethodAccessorImpl.java:43)
at java.lang.reflect.Method.invoke(Method.java:483)
at org.testng.internal.MethodInvocationHelper.invokeMethod(MethodInvocationHelper.java:124)
at org.testng.internal.Invoker.invokeMethod(Invoker.java:583)
at org.testng.internal.Invoker.invokeTestMethod(Invoker.java:719)
at org.testng.internal.Invoker.invokeTestMethods(Invoker.java:989)
at org.testng.internal.TestMethodWorker.invokeTestMethods(TestMethodWorker.java:125)
at org.testng.internal.TestMethodWorker.run(TestMethodWorker.java:109)
at org.testng.TestRunner.privateRun(TestRunner.java:648)
at org.testng.TestRunner.run(TestRunner.java:505)
at org.testng.SuiteRunner.runTest(SuiteRunner.java:455)
at org.testng.SuiteRunner.runSequentially(SuiteRunner.java:450)
at org.testng.SuiteRunner.privateRun(SuiteRunner.java:415)
at org.testng.SuiteRunner.run(SuiteRunner.java:364)
at org.testng.SuiteRunnerWorker.runSuite(SuiteRunnerWorker.java:52)
at org.testng.SuiteRunnerWorker.run(SuiteRunnerWorker.java:84)
at org.testng.TestNG.runSuitesSequentially(TestNG.java:1208)
at org.testng.TestNG.runSuitesLocally(TestNG.java:1137)
at org.testng.TestNG.runSuites(TestNG.java:1049)
at org.testng.TestNG.run(TestNG.java:1017)
at org.apache.maven.surefire.testng.TestNGExecutor.run(TestNGExecutor.java:283)
at org.apache.maven.surefire.testng.TestNGXmlTestSuite.execute(TestNGXmlTestSuite.java:75)
at org.apache.maven.surefire.testng.TestNGProvider.invoke(TestNGProvider.java:120)
at org.apache.maven.surefire.booter.ForkedBooter.invokeProviderInSameClassLoader(ForkedBooter.java:383)
at org.apache.maven.surefire.booter.ForkedBooter.runSuitesInProcess(ForkedBooter.java:344)
at org.apache.maven.surefire.booter.ForkedBooter.execute(ForkedBooter.java:125)
at org.apache.maven.surefire.booter.ForkedBooter.main(ForkedBooter.java:417)
]]>
    </error>
  </testcase> <!-- findById -->
  <testcase name="findSelectTree" time="0.103" classname="com.cases.VicubeInterfaceCase175"/>
  <testcase name="remove" time="0.484" classname="com.cases.VicubeInterfaceCase175"/>
  <testcase name="createGroup" time="0.012" classname="com.cases.VicubeInterfaceCase175"/>
  <testcase name="instanceServiceUpdate" time="0.721" classname="com.cases.VicubeInterfaceCase175"/>
  <testcase name="getMyViewEntriesNoContent" time="0.015" classname="com.cases.VicubeInterfaceCase175"/>
  <testcase name="confirmationedCount" time="0.016" classname="com.cases.VicubeInterfaceCase175"/>
  <testcase name="instanceServiceRemove" time="0.326" classname="com.cases.VicubeInterfaceCase175"/>
  <testcase name="sendAlertRecoverAction" time="0.023" classname="com.cases.VicubeInterfaceCase175"/>
  <testcase name="getAllFunctions" time="0.018" classname="com.cases.VicubeInterfaceCase175"/>
  <testcase name="getAllDomains" time="0.051" classname="com.cases.VicubeInterfaceCase175"/>
  <testcase name="findByNameNotBuiltInAttr" time="0.011" classname="com.cases.VicubeInterfaceCase175"/>
  <testcase name="getWaitForConfirmationList" time="0.006" classname="com.cases.VicubeInterfaceCase175"/>
  <testcase name="queryByFilter" time="0.047" classname="com.cases.VicubeInterfaceCase175"/>
  <testcase name="grantMenuAmoduleAview2User" time="0.022" classname="com.cases.VicubeInterfaceCase175"/>
  <testcase name="grantObjectsDomain" time="0.015" classname="com.cases.VicubeInterfaceCase175"/>
  <testcase name="getKpiItemList" time="0.022" classname="com.cases.VicubeInterfaceCase175"/>
  <testcase name="queryUsersByGroupId" time="0.009" classname="com.cases.VicubeInterfaceCase175"/>
  <testcase name="findModelTree" time="0.127" classname="com.cases.VicubeInterfaceCase175"/>
  <testcase name="findBySourceOrTarget" time="0.009" classname="com.cases.VicubeInterfaceCase175"/>
  <testcase name="getBaseLineDefList" time="0.052" classname="com.cases.VicubeInterfaceCase175"/>
  <testcase name="queryActionLog" time="0.014" classname="com.cases.VicubeInterfaceCase175"/>
  <testcase name="queryFullUserInfo" time="0.461" classname="com.cases.VicubeInterfaceCase175"/>
  <testcase name="disableGroup" time="0.011" classname="com.cases.VicubeInterfaceCase175"/>
  <testcase name="getAllDicts" time="0.016" classname="com.cases.VicubeInterfaceCase175"/>
  <testcase name="removeBatch" time="0.030" classname="com.cases.VicubeInterfaceCase175"/>
  <testcase name="DoLogin" time="0.094" classname="com.cases.VicubeInterfaceCase175"/>
  <testcase name="relationAttributeServiceAdd" time="0.034" classname="com.cases.VicubeInterfaceCase175">
    <error type="java.lang.RuntimeException" message="请求失败">
      <![CDATA[java.lang.RuntimeException: 请求失败
at com.utils.HttpFunction.getStringResultOfPost(HttpFunction.java:262)
at com.utils.HttpFunction.post(HttpFunction.java:95)
at com.cases.VicubeInterfaceCase175.relationAttributeServiceAdd(VicubeInterfaceCase175.java:486)
at sun.reflect.NativeMethodAccessorImpl.invoke0(Native Method)
at sun.reflect.NativeMethodAccessorImpl.invoke(NativeMethodAccessorImpl.java:62)
at sun.reflect.DelegatingMethodAccessorImpl.invoke(DelegatingMethodAccessorImpl.java:43)
at java.lang.reflect.Method.invoke(Method.java:483)
at org.testng.internal.MethodInvocationHelper.invokeMethod(MethodInvocationHelper.java:124)
at org.testng.internal.Invoker.invokeMethod(Invoker.java:583)
at org.testng.internal.Invoker.invokeTestMethod(Invoker.java:719)
at org.testng.internal.Invoker.invokeTestMethods(Invoker.java:989)
at org.testng.internal.TestMethodWorker.invokeTestMethods(TestMethodWorker.java:125)
at org.testng.internal.TestMethodWorker.run(TestMethodWorker.java:109)
at org.testng.TestRunner.privateRun(TestRunner.java:648)
at org.testng.TestRunner.run(TestRunner.java:505)
at org.testng.SuiteRunner.runTest(SuiteRunner.java:455)
at org.testng.SuiteRunner.runSequentially(SuiteRunner.java:450)
at org.testng.SuiteRunner.privateRun(SuiteRunner.java:415)
at org.testng.SuiteRunner.run(SuiteRunner.java:364)
at org.testng.SuiteRunnerWorker.runSuite(SuiteRunnerWorker.java:52)
at org.testng.SuiteRunnerWorker.run(SuiteRunnerWorker.java:84)
at org.testng.TestNG.runSuitesSequentially(TestNG.java:1208)
at org.testng.TestNG.runSuitesLocally(TestNG.java:1137)
at org.testng.TestNG.runSuites(TestNG.java:1049)
at org.testng.TestNG.run(TestNG.java:1017)
at org.apache.maven.surefire.testng.TestNGExecutor.run(TestNGExecutor.java:283)
at org.apache.maven.surefire.testng.TestNGXmlTestSuite.execute(TestNGXmlTestSuite.java:75)
at org.apache.maven.surefire.testng.TestNGProvider.invoke(TestNGProvider.java:120)
at org.apache.maven.surefire.booter.ForkedBooter.invokeProviderInSameClassLoader(ForkedBooter.java:383)
at org.apache.maven.surefire.booter.ForkedBooter.runSuitesInProcess(ForkedBooter.java:344)
at org.apache.maven.surefire.booter.ForkedBooter.execute(ForkedBooter.java:125)
at org.apache.maven.surefire.booter.ForkedBooter.main(ForkedBooter.java:417)
]]>
    </error>
  </testcase> <!-- relationAttributeServiceAdd -->
  <testcase name="cleanBaseLinePolicy" time="0.010" classname="com.cases.VicubeInterfaceCase175"/>
  <testcase name="statisticAlertCountByStateCache" time="0.036" classname="com.cases.VicubeInterfaceCase175"/>
  <testcase name="getConfirmationedList" time="0.007" classname="com.cases.VicubeInterfaceCase175"/>
  <testcase name="instanceServiceAdd" time="1.092" classname="com.cases.VicubeInterfaceCase175"/>
  <testcase name="addView" time="0.019" classname="com.cases.VicubeInterfaceCase175"/>
  <testcase name="checkInstanceHasRelation" time="0.006" classname="com.cases.VicubeInterfaceCase175"/>
  <testcase name="find" time="0.016" classname="com.cases.VicubeInterfaceCase175"/>
  <testcase name="sendAlertClaimAction" time="0.046" classname="com.cases.VicubeInterfaceCase175"/>
  <testcase name="getBaseLinePolicyList" time="0.012" classname="com.cases.VicubeInterfaceCase175"/>
  <testcase name="getUrmpTreeByKeyFilter" time="1.953" classname="com.cases.VicubeInterfaceCase175"/>
  <testcase name="getOneWarningRule" time="0.009" classname="com.cases.VicubeInterfaceCase175"/>
  <testcase name="findBySourceOrTarget_Label" time="0.011" classname="com.cases.VicubeInterfaceCase175"/>
  <testcase name="queryUserInfo2" time="0.012" classname="com.cases.VicubeInterfaceCase175"/>
  <testcase name="deleteGroup" time="0.023" classname="com.cases.VicubeInterfaceCase175"/>
  <testcase name="update" time="0.471" classname="com.cases.VicubeInterfaceCase175"/>
  <testcase name="waitForConfirmationCount" time="0.011" classname="com.cases.VicubeInterfaceCase175"/>
  <testcase name="queryByFilter2" time="0.012" classname="com.cases.VicubeInterfaceCase175"/>
  <testcase name="validation" time="0.006" classname="com.cases.VicubeInterfaceCase175"/>
  <testcase name="getAllTypeNodes" time="0.075" classname="com.cases.VicubeInterfaceCase175"/>
  <testcase name="queryFilterByColorAdmin" time="0.006" classname="com.cases.VicubeInterfaceCase175"/>
  <testcase name="findList" time="0.007" classname="com.cases.VicubeInterfaceCase175"/>
  <testcase name="cleanBaseLineDef" time="0.008" classname="com.cases.VicubeInterfaceCase175"/>
  <testcase name="queryEvent" time="0.021" classname="com.cases.VicubeInterfaceCase175"/>
  <testcase name="insertBaseLinePolicy" time="0.011" classname="com.cases.VicubeInterfaceCase175"/>
  <testcase name="queryInstanceByRelationPage" time="0.122" classname="com.cases.VicubeInterfaceCase175"/>
  <testcase name="getFunctionsByUserId" time="0.025" classname="com.cases.VicubeInterfaceCase175"/>
  <testcase name="getUserViewsByType" time="0.013" classname="com.cases.VicubeInterfaceCase175"/>
  <testcase name="instanceServiceFindById" time="0.013" classname="com.cases.VicubeInterfaceCase175"/>
  <testcase name="findAll" time="6.801" classname="com.cases.VicubeInterfaceCase175"/>
  <testcase name="checkBaseLineDef" time="0.008" classname="com.cases.VicubeInterfaceCase175"/>
  <testcase name="getNodeByName" time="0.783" classname="com.cases.VicubeInterfaceCase175"/>
  <testcase name="checkRelation" time="1.585" classname="com.cases.VicubeInterfaceCase175"/>
  <testcase name="getDefulateValue" time="0.010" classname="com.cases.VicubeInterfaceCase175"/>
  <testcase name="queryGroupInfoLike" time="0.012" classname="com.cases.VicubeInterfaceCase175"/>
  <testcase name="getAllMyNodesByTypeName" time="0.808" classname="com.cases.VicubeInterfaceCase175"/>
  <testcase name="insertBaseLineDef" time="0.024" classname="com.cases.VicubeInterfaceCase175"/>
  <testcase name="add" time="0.455" classname="com.cases.VicubeInterfaceCase175"/>
  <testcase name="queryGroupInfo" time="0.022" classname="com.cases.VicubeInterfaceCase175"/>
  <testcase name="instanceHistoryServiceFind" time="0.006" classname="com.cases.VicubeInterfaceCase175"/>
  <testcase name="queryIncidentType" time="0.015" classname="com.cases.VicubeInterfaceCase175"/>
  <testcase name="grantObjects2Group" time="0.037" classname="com.cases.VicubeInterfaceCase175"/>
  <testcase name="getRelatedAlerts" time="0.022" classname="com.cases.VicubeInterfaceCase175"/>
  <testcase name="findByModelName" time="0.052" classname="com.cases.VicubeInterfaceCase175"/>
  <testcase name="queryAlertFromCacheForHtmlData" time="0.767" classname="com.cases.VicubeInterfaceCase175"/>
  <testcase name="getEnums" time="0.006" classname="com.cases.VicubeInterfaceCase175"/>
  <testcase name="queryUserInfo" time="0.176" classname="com.cases.VicubeInterfaceCase175"/>
  <testcase name="updateBaseLineCalendarByBatch" time="0.010" classname="com.cases.VicubeInterfaceCase175"/>
  <testcase name="findByOperationTypeAndModelName" time="0.004" classname="com.cases.VicubeInterfaceCase175"/>
  <testcase name="getBaseLineCalendarList" time="0.015" classname="com.cases.VicubeInterfaceCase175"/>
</testsuite> <!-- com.cases.VicubeInterfaceCase175 -->
