<?xml version="1.0" encoding="UTF-8"?>
<testsuite xmlns:xsi="http://www.w3.org/2001/XMLSchema-instance" xsi:noNamespaceSchemaLocation="https://maven.apache.org/surefire/maven-surefire-plugin/xsd/surefire-test-report.xsd" name="TestSuite" time="560.995" tests="171" errors="0" skipped="0" failures="0">
  <properties>
    <property name="sun.desktop" value="windows"/>
    <property name="awt.toolkit" value="sun.awt.windows.WToolkit"/>
    <property name="file.encoding.pkg" value="sun.io"/>
    <property name="java.specification.version" value="1.8"/>
    <property name="sun.cpu.isalist" value="amd64"/>
    <property name="sun.jnu.encoding" value="GBK"/>
    <property name="java.class.path" value="D:\SVN2\UIAutomation\target\test-classes;D:\SVN2\UIAutomation\target\classes;C:\Users\丹哥\.m2\repository\org\apache\maven\plugins\maven-surefire-plugin\2.22.0\maven-surefire-plugin-2.22.0.jar;C:\Users\丹哥\.m2\repository\org\apache\maven\surefire\maven-surefire-common\2.22.0\maven-surefire-common-2.22.0.jar;C:\Users\丹哥\.m2\repository\org\apache\maven\maven-plugin-api\2.2.1\maven-plugin-api-2.2.1.jar;C:\Users\丹哥\.m2\repository\org\apache\maven\plugin-tools\maven-plugin-annotations\3.5\maven-plugin-annotations-3.5.jar;C:\Users\丹哥\.m2\repository\org\apache\maven\surefire\surefire-booter\2.22.0\surefire-booter-2.22.0.jar;C:\Users\丹哥\.m2\repository\org\apache\maven\maven-artifact\2.2.1\maven-artifact-2.2.1.jar;C:\Users\丹哥\.m2\repository\org\codehaus\plexus\plexus-utils\1.5.15\plexus-utils-1.5.15.jar;C:\Users\丹哥\.m2\repository\org\apache\maven\maven-plugin-descriptor\2.2.1\maven-plugin-descriptor-2.2.1.jar;C:\Users\丹哥\.m2\repository\org\codehaus\plexus\plexus-container-default\1.0-alpha-9-stable-1\plexus-container-default-1.0-alpha-9-stable-1.jar;C:\Users\丹哥\.m2\repository\junit\junit\3.8.1\junit-3.8.1.jar;C:\Users\丹哥\.m2\repository\org\apache\maven\maven-project\2.2.1\maven-project-2.2.1.jar;C:\Users\丹哥\.m2\repository\org\apache\maven\maven-settings\2.2.1\maven-settings-2.2.1.jar;C:\Users\丹哥\.m2\repository\org\apache\maven\maven-profile\2.2.1\maven-profile-2.2.1.jar;C:\Users\丹哥\.m2\repository\org\apache\maven\maven-artifact-manager\2.2.1\maven-artifact-manager-2.2.1.jar;C:\Users\丹哥\.m2\repository\backport-util-concurrent\backport-util-concurrent\3.1\backport-util-concurrent-3.1.jar;C:\Users\丹哥\.m2\repository\org\apache\maven\maven-plugin-registry\2.2.1\maven-plugin-registry-2.2.1.jar;C:\Users\丹哥\.m2\repository\org\codehaus\plexus\plexus-interpolation\1.11\plexus-interpolation-1.11.jar;C:\Users\丹哥\.m2\repository\org\apache\maven\maven-model\2.2.1\maven-model-2.2.1.jar;C:\Users\丹哥\.m2\repository\org\apache\maven\maven-core\2.2.1\maven-core-2.2.1.jar;C:\Users\丹哥\.m2\repository\org\apache\maven\maven-plugin-parameter-documenter\2.2.1\maven-plugin-parameter-documenter-2.2.1.jar;C:\Users\丹哥\.m2\repository\org\apache\maven\wagon\wagon-http\1.0-beta-6\wagon-http-1.0-beta-6.jar;C:\Users\丹哥\.m2\repository\org\apache\maven\wagon\wagon-http-shared\1.0-beta-6\wagon-http-shared-1.0-beta-6.jar;C:\Users\丹哥\.m2\repository\nekohtml\xercesMinimal\1.9.6.2\xercesMinimal-1.9.6.2.jar;C:\Users\丹哥\.m2\repository\nekohtml\nekohtml\1.9.6.2\nekohtml-1.9.6.2.jar;C:\Users\丹哥\.m2\repository\commons-httpclient\commons-httpclient\3.1\commons-httpclient-3.1.jar;C:\Users\丹哥\.m2\repository\org\apache\maven\wagon\wagon-webdav-jackrabbit\1.0-beta-6\wagon-webdav-jackrabbit-1.0-beta-6.jar;C:\Users\丹哥\.m2\repository\org\apache\jackrabbit\jackrabbit-webdav\1.5.0\jackrabbit-webdav-1.5.0.jar;C:\Users\丹哥\.m2\repository\org\apache\jackrabbit\jackrabbit-jcr-commons\1.5.0\jackrabbit-jcr-commons-1.5.0.jar;C:\Users\丹哥\.m2\repository\org\slf4j\slf4j-nop\1.5.3\slf4j-nop-1.5.3.jar;C:\Users\丹哥\.m2\repository\org\slf4j\slf4j-jdk14\1.5.6\slf4j-jdk14-1.5.6.jar;C:\Users\丹哥\.m2\repository\org\slf4j\jcl-over-slf4j\1.5.6\jcl-over-slf4j-1.5.6.jar;C:\Users\丹哥\.m2\repository\org\apache\maven\reporting\maven-reporting-api\2.2.1\maven-reporting-api-2.2.1.jar;C:\Users\丹哥\.m2\repository\org\apache\maven\doxia\doxia-logging-api\1.1\doxia-logging-api-1.1.jar;C:\Users\丹哥\.m2\repository\org\apache\maven\wagon\wagon-provider-api\1.0-beta-6\wagon-provider-api-1.0-beta-6.jar;C:\Users\丹哥\.m2\repository\org\apache\maven\maven-repository-metadata\2.2.1\maven-repository-metadata-2.2.1.jar;C:\Users\丹哥\.m2\repository\org\apache\maven\maven-error-diagnostics\2.2.1\maven-error-diagnostics-2.2.1.jar;C:\Users\丹哥\.m2\repository\org\apache\maven\maven-monitor\2.2.1\maven-monitor-2.2.1.jar;C:\Users\丹哥\.m2\repository\classworlds\classworlds\1.1\classworlds-1.1.jar;C:\Users\丹哥\.m2\repository\org\sonatype\plexus\plexus-sec-dispatcher\1.3\plexus-sec-dispatcher-1.3.jar;C:\Users\丹哥\.m2\repository\org\sonatype\plexus\plexus-cipher\1.4\plexus-cipher-1.4.jar;C:\Users\丹哥\.m2\repository\org\apache\maven\maven-toolchain\2.2.1\maven-toolchain-2.2.1.jar;C:\Users\丹哥\.m2\repository\org\codehaus\plexus\plexus-java\0.9.8\plexus-java-0.9.8.jar;C:\Users\丹哥\.m2\repository\org\ow2\asm\asm\6.1.1\asm-6.1.1.jar;C:\Users\丹哥\.m2\repository\com\thoughtworks\qdox\qdox\2.0-M7\qdox-2.0-M7.jar;C:\Users\丹哥\.m2\repository\org\seleniumhq\selenium\selenium-java\3.10.0\selenium-java-3.10.0.jar;C:\Users\丹哥\.m2\repository\org\seleniumhq\selenium\selenium-api\3.10.0\selenium-api-3.10.0.jar;C:\Users\丹哥\.m2\repository\org\seleniumhq\selenium\selenium-chrome-driver\3.10.0\selenium-chrome-driver-3.10.0.jar;C:\Users\丹哥\.m2\repository\org\seleniumhq\selenium\selenium-edge-driver\3.10.0\selenium-edge-driver-3.10.0.jar;C:\Users\丹哥\.m2\repository\org\seleniumhq\selenium\selenium-firefox-driver\3.10.0\selenium-firefox-driver-3.10.0.jar;C:\Users\丹哥\.m2\repository\org\seleniumhq\selenium\selenium-ie-driver\3.10.0\selenium-ie-driver-3.10.0.jar;C:\Users\丹哥\.m2\repository\org\seleniumhq\selenium\selenium-opera-driver\3.10.0\selenium-opera-driver-3.10.0.jar;C:\Users\丹哥\.m2\repository\org\seleniumhq\selenium\selenium-remote-driver\3.10.0\selenium-remote-driver-3.10.0.jar;C:\Users\丹哥\.m2\repository\org\seleniumhq\selenium\selenium-safari-driver\3.10.0\selenium-safari-driver-3.10.0.jar;C:\Users\丹哥\.m2\repository\org\seleniumhq\selenium\selenium-support\3.10.0\selenium-support-3.10.0.jar;C:\Users\丹哥\.m2\repository\net\bytebuddy\byte-buddy\1.7.9\byte-buddy-1.7.9.jar;C:\Users\丹哥\.m2\repository\org\apache\commons\commons-exec\1.3\commons-exec-1.3.jar;C:\Users\丹哥\.m2\repository\commons-codec\commons-codec\1.10\commons-codec-1.10.jar;C:\Users\丹哥\.m2\repository\commons-logging\commons-logging\1.2\commons-logging-1.2.jar;C:\Users\丹哥\.m2\repository\com\google\code\gson\gson\2.8.2\gson-2.8.2.jar;C:\Users\丹哥\.m2\repository\com\google\guava\guava\23.6-jre\guava-23.6-jre.jar;C:\Users\丹哥\.m2\repository\com\google\code\findbugs\jsr305\1.3.9\jsr305-1.3.9.jar;C:\Users\丹哥\.m2\repository\org\checkerframework\checker-compat-qual\2.0.0\checker-compat-qual-2.0.0.jar;C:\Users\丹哥\.m2\repository\com\google\errorprone\error_prone_annotations\2.1.3\error_prone_annotations-2.1.3.jar;C:\Users\丹哥\.m2\repository\com\google\j2objc\j2objc-annotations\1.1\j2objc-annotations-1.1.jar;C:\Users\丹哥\.m2\repository\org\codehaus\mojo\animal-sniffer-annotations\1.14\animal-sniffer-annotations-1.14.jar;C:\Users\丹哥\.m2\repository\org\apache\httpcomponents\httpclient\4.5.3\httpclient-4.5.3.jar;C:\Users\丹哥\.m2\repository\org\apache\httpcomponents\httpcore\4.4.6\httpcore-4.4.6.jar;C:\Users\丹哥\.m2\repository\com\squareup\okhttp3\okhttp\3.9.1\okhttp-3.9.1.jar;C:\Users\丹哥\.m2\repository\com\squareup\okio\okio\1.13.0\okio-1.13.0.jar;C:\Users\丹哥\.m2\repository\org\testng\testng\6.14.3\testng-6.14.3.jar;C:\Users\丹哥\.m2\repository\com\beust\jcommander\1.72\jcommander-1.72.jar;C:\Users\丹哥\.m2\repository\org\apache-extras\beanshell\bsh\2.0b6\bsh-2.0b6.jar;C:\Users\丹哥\.m2\repository\org\apache\logging\log4j\log4j-core\2.10.0\log4j-core-2.10.0.jar;C:\Users\丹哥\.m2\repository\org\apache\logging\log4j\log4j-api\2.10.0\log4j-api-2.10.0.jar;C:\Users\丹哥\.m2\repository\org\apache\directory\studio\org.apache.commons.io\2.4\org.apache.commons.io-2.4.jar;C:\Users\丹哥\.m2\repository\log4j\log4j\1.2.17\log4j-1.2.17.jar;C:\Users\丹哥\.m2\repository\org\slf4j\slf4j-api\1.8.0-beta1\slf4j-api-1.8.0-beta1.jar;C:\Users\丹哥\.m2\repository\org\slf4j\slf4j-log4j12\1.8.0-beta1\slf4j-log4j12-1.8.0-beta1.jar;C:\Users\丹哥\.m2\repository\jaxen\jaxen\1.1.6\jaxen-1.1.6.jar;C:\Users\丹哥\.m2\repository\dom4j\dom4j\1.6.1\dom4j-1.6.1.jar;C:\Users\丹哥\.m2\repository\xml-apis\xml-apis\1.0.b2\xml-apis-1.0.b2.jar;C:\Users\丹哥\.m2\repository\org\jyaml\jyaml\1.3\jyaml-1.3.jar;C:\Users\丹哥\.m2\repository\net\sourceforge\jexcelapi\jxl\2.6.10\jxl-2.6.10.jar;C:\Users\丹哥\.m2\repository\org\apache\poi\poi\3.17\poi-3.17.jar;C:\Users\丹哥\.m2\repository\org\apache\commons\commons-collections4\4.1\commons-collections4-4.1.jar;C:\Users\丹哥\.m2\repository\com\jayway\jsonpath\json-path-assert\2.2.0\json-path-assert-2.2.0.jar;C:\Users\丹哥\.m2\repository\org\hamcrest\hamcrest-core\1.3\hamcrest-core-1.3.jar;C:\Users\丹哥\.m2\repository\org\hamcrest\hamcrest-library\1.3\hamcrest-library-1.3.jar;C:\Users\丹哥\.m2\repository\com\jayway\jsonpath\json-path\2.2.0\json-path-2.2.0.jar;C:\Users\丹哥\.m2\repository\net\minidev\json-smart\2.2.1\json-smart-2.2.1.jar;C:\Users\丹哥\.m2\repository\net\minidev\accessors-smart\1.1\accessors-smart-1.1.jar;C:\Users\丹哥\.m2\repository\org\apache\poi\poi-ooxml\3.17\poi-ooxml-3.17.jar;C:\Users\丹哥\.m2\repository\org\apache\poi\poi-ooxml-schemas\3.17\poi-ooxml-schemas-3.17.jar;C:\Users\丹哥\.m2\repository\org\apache\xmlbeans\xmlbeans\2.6.0\xmlbeans-2.6.0.jar;C:\Users\丹哥\.m2\repository\stax\stax-api\1.0.1\stax-api-1.0.1.jar;C:\Users\丹哥\.m2\repository\com\github\virtuald\curvesapi\1.04\curvesapi-1.04.jar;C:\Users\丹哥\.m2\repository\commons-io\commons-io\2.6\commons-io-2.6.jar;C:\Users\丹哥\.m2\repository\mysql\mysql-connector-java\5.1.26\mysql-connector-java-5.1.26.jar;C:\Users\丹哥\.m2\repository\com\sun\mail\javax.mail\1.6.1\javax.mail-1.6.1.jar;C:\Users\丹哥\.m2\repository\javax\activation\activation\1.1\activation-1.1.jar;C:\Users\丹哥\.m2\repository\org\apache\maven\surefire\surefire-testng\2.21.0\surefire-testng-2.21.0.jar;C:\Users\丹哥\.m2\repository\org\apache\maven\surefire\common-java5\2.21.0\common-java5-2.21.0.jar;C:\Users\丹哥\.m2\repository\org\apache\maven\surefire\surefire-testng-utils\2.21.0\surefire-testng-utils-2.21.0.jar;C:\Users\丹哥\.m2\repository\org\apache\maven\surefire\surefire-grouper\2.21.0\surefire-grouper-2.21.0.jar;C:\Users\丹哥\.m2\repository\org\apache\maven\surefire\surefire-api\2.21.0\surefire-api-2.21.0.jar;C:\Users\丹哥\.m2\repository\org\apache\maven\surefire\surefire-logger-api\2.21.0\surefire-logger-api-2.21.0.jar;C:\Users\丹哥\.m2\repository\org\postgresql\postgresql\42.2.2\postgresql-42.2.2.jar;C:\Users\丹哥\.m2\repository\com\relevantcodes\extentreports\2.41.2\extentreports-2.41.2.jar;C:\Users\丹哥\.m2\repository\org\jsoup\jsoup\1.8.3\jsoup-1.8.3.jar;C:\Users\丹哥\.m2\repository\org\xerial\sqlite-jdbc\3.8.11.1\sqlite-jdbc-3.8.11.1.jar;C:\Users\丹哥\.m2\repository\org\freemarker\freemarker\2.3.23\freemarker-2.3.23.jar;C:\Users\丹哥\.m2\repository\org\mongodb\mongodb-driver\3.0.4\mongodb-driver-3.0.4.jar;C:\Users\丹哥\.m2\repository\org\mongodb\bson\3.0.4\bson-3.0.4.jar;C:\Users\丹哥\.m2\repository\org\mongodb\mongodb-driver-core\3.0.4\mongodb-driver-core-3.0.4.jar;C:\Users\丹哥\.m2\repository\com\vimalselvam\testng-extentsreport\1.3.1\testng-extentsreport-1.3.1.jar;C:\Users\丹哥\.m2\repository\com\aventstack\extentreports\3.1.5\extentreports-3.1.5.jar;C:\Users\丹哥\.m2\repository\org\apache\httpcomponents\httpmime\4.5.2\httpmime-4.5.2.jar;C:\Users\丹哥\.m2\repository\de\openkeyword\autoit\0.1.17\autoit-0.1.17.jar;C:\Users\丹哥\.m2\repository\net\sf\jacob-project\jacob\1.14.3\jacob-1.14.3.jar;C:\Users\丹哥\.m2\repository\org\antlr\antlr4-runtime\4.7.1\antlr4-runtime-4.7.1.jar;C:\Users\丹哥\.m2\repository\org\antlr\ST4\4.0.8\ST4-4.0.8.jar;C:\Users\丹哥\.m2\repository\org\antlr\antlr-runtime\3.5.2\antlr-runtime-3.5.2.jar;C:\Users\丹哥\.m2\repository\com\sun\xml\bind\jaxb-core\2.3.0\jaxb-core-2.3.0.jar;C:\Users\丹哥\.m2\repository\javax\xml\bind\jaxb-api\2.3.0\jaxb-api-2.3.0.jar;C:\Users\丹哥\.m2\repository\com\sun\xml\bind\jaxb-impl\2.3.0\jaxb-impl-2.3.0.jar;C:\Users\丹哥\.m2\repository\com\sun\xml\bind\jaxb-jxc\2.3.0\jaxb-jxc-2.3.0.jar;C:\Users\丹哥\.m2\repository\com\sun\xml\bind\jaxb-xjc\2.3.0\jaxb-xjc-2.3.0.jar;C:\Users\丹哥\.m2\repository\org\apache\maven\surefire\surefire-testng-utils\2.22.0\surefire-testng-utils-2.22.0.jar;C:\Users\丹哥\.m2\repository\org\apache\maven\surefire\surefire-grouper\2.22.0\surefire-grouper-2.22.0.jar;"/>
    <property name="java.vm.vendor" value="Oracle Corporation"/>
    <property name="sun.arch.data.model" value="64"/>
    <property name="user.variant" value=""/>
    <property name="java.vendor.url" value="http://java.oracle.com/"/>
    <property name="user.timezone" value="Asia/Shanghai"/>
    <property name="java.vm.specification.version" value="1.8"/>
    <property name="os.name" value="Windows 10"/>
    <property name="user.country" value="CN"/>
    <property name="sun.java.launcher" value="SUN_STANDARD"/>
    <property name="sun.boot.library.path" value="D:\JDK1.8\jre\bin"/>
    <property name="sun.java.command" value="C:\Users\丹哥\AppData\Local\Temp\surefire3104557278566884220\surefirebooter4950873229014087243.jar C:\Users\丹哥\AppData\Local\Temp\surefire3104557278566884220 2018-10-06T13-37-28_981-jvmRun1 surefire7836201028535007271tmp surefire_02786038922203037413tmp"/>
    <property name="surefire.test.class.path" value="D:\SVN2\UIAutomation\target\test-classes;D:\SVN2\UIAutomation\target\classes;C:\Users\丹哥\.m2\repository\org\apache\maven\plugins\maven-surefire-plugin\2.22.0\maven-surefire-plugin-2.22.0.jar;C:\Users\丹哥\.m2\repository\org\apache\maven\surefire\maven-surefire-common\2.22.0\maven-surefire-common-2.22.0.jar;C:\Users\丹哥\.m2\repository\org\apache\maven\maven-plugin-api\2.2.1\maven-plugin-api-2.2.1.jar;C:\Users\丹哥\.m2\repository\org\apache\maven\plugin-tools\maven-plugin-annotations\3.5\maven-plugin-annotations-3.5.jar;C:\Users\丹哥\.m2\repository\org\apache\maven\surefire\surefire-booter\2.22.0\surefire-booter-2.22.0.jar;C:\Users\丹哥\.m2\repository\org\apache\maven\maven-artifact\2.2.1\maven-artifact-2.2.1.jar;C:\Users\丹哥\.m2\repository\org\codehaus\plexus\plexus-utils\1.5.15\plexus-utils-1.5.15.jar;C:\Users\丹哥\.m2\repository\org\apache\maven\maven-plugin-descriptor\2.2.1\maven-plugin-descriptor-2.2.1.jar;C:\Users\丹哥\.m2\repository\org\codehaus\plexus\plexus-container-default\1.0-alpha-9-stable-1\plexus-container-default-1.0-alpha-9-stable-1.jar;C:\Users\丹哥\.m2\repository\junit\junit\3.8.1\junit-3.8.1.jar;C:\Users\丹哥\.m2\repository\org\apache\maven\maven-project\2.2.1\maven-project-2.2.1.jar;C:\Users\丹哥\.m2\repository\org\apache\maven\maven-settings\2.2.1\maven-settings-2.2.1.jar;C:\Users\丹哥\.m2\repository\org\apache\maven\maven-profile\2.2.1\maven-profile-2.2.1.jar;C:\Users\丹哥\.m2\repository\org\apache\maven\maven-artifact-manager\2.2.1\maven-artifact-manager-2.2.1.jar;C:\Users\丹哥\.m2\repository\backport-util-concurrent\backport-util-concurrent\3.1\backport-util-concurrent-3.1.jar;C:\Users\丹哥\.m2\repository\org\apache\maven\maven-plugin-registry\2.2.1\maven-plugin-registry-2.2.1.jar;C:\Users\丹哥\.m2\repository\org\codehaus\plexus\plexus-interpolation\1.11\plexus-interpolation-1.11.jar;C:\Users\丹哥\.m2\repository\org\apache\maven\maven-model\2.2.1\maven-model-2.2.1.jar;C:\Users\丹哥\.m2\repository\org\apache\maven\maven-core\2.2.1\maven-core-2.2.1.jar;C:\Users\丹哥\.m2\repository\org\apache\maven\maven-plugin-parameter-documenter\2.2.1\maven-plugin-parameter-documenter-2.2.1.jar;C:\Users\丹哥\.m2\repository\org\apache\maven\wagon\wagon-http\1.0-beta-6\wagon-http-1.0-beta-6.jar;C:\Users\丹哥\.m2\repository\org\apache\maven\wagon\wagon-http-shared\1.0-beta-6\wagon-http-shared-1.0-beta-6.jar;C:\Users\丹哥\.m2\repository\nekohtml\xercesMinimal\1.9.6.2\xercesMinimal-1.9.6.2.jar;C:\Users\丹哥\.m2\repository\nekohtml\nekohtml\1.9.6.2\nekohtml-1.9.6.2.jar;C:\Users\丹哥\.m2\repository\commons-httpclient\commons-httpclient\3.1\commons-httpclient-3.1.jar;C:\Users\丹哥\.m2\repository\org\apache\maven\wagon\wagon-webdav-jackrabbit\1.0-beta-6\wagon-webdav-jackrabbit-1.0-beta-6.jar;C:\Users\丹哥\.m2\repository\org\apache\jackrabbit\jackrabbit-webdav\1.5.0\jackrabbit-webdav-1.5.0.jar;C:\Users\丹哥\.m2\repository\org\apache\jackrabbit\jackrabbit-jcr-commons\1.5.0\jackrabbit-jcr-commons-1.5.0.jar;C:\Users\丹哥\.m2\repository\org\slf4j\slf4j-nop\1.5.3\slf4j-nop-1.5.3.jar;C:\Users\丹哥\.m2\repository\org\slf4j\slf4j-jdk14\1.5.6\slf4j-jdk14-1.5.6.jar;C:\Users\丹哥\.m2\repository\org\slf4j\jcl-over-slf4j\1.5.6\jcl-over-slf4j-1.5.6.jar;C:\Users\丹哥\.m2\repository\org\apache\maven\reporting\maven-reporting-api\2.2.1\maven-reporting-api-2.2.1.jar;C:\Users\丹哥\.m2\repository\org\apache\maven\doxia\doxia-logging-api\1.1\doxia-logging-api-1.1.jar;C:\Users\丹哥\.m2\repository\org\apache\maven\wagon\wagon-provider-api\1.0-beta-6\wagon-provider-api-1.0-beta-6.jar;C:\Users\丹哥\.m2\repository\org\apache\maven\maven-repository-metadata\2.2.1\maven-repository-metadata-2.2.1.jar;C:\Users\丹哥\.m2\repository\org\apache\maven\maven-error-diagnostics\2.2.1\maven-error-diagnostics-2.2.1.jar;C:\Users\丹哥\.m2\repository\org\apache\maven\maven-monitor\2.2.1\maven-monitor-2.2.1.jar;C:\Users\丹哥\.m2\repository\classworlds\classworlds\1.1\classworlds-1.1.jar;C:\Users\丹哥\.m2\repository\org\sonatype\plexus\plexus-sec-dispatcher\1.3\plexus-sec-dispatcher-1.3.jar;C:\Users\丹哥\.m2\repository\org\sonatype\plexus\plexus-cipher\1.4\plexus-cipher-1.4.jar;C:\Users\丹哥\.m2\repository\org\apache\maven\maven-toolchain\2.2.1\maven-toolchain-2.2.1.jar;C:\Users\丹哥\.m2\repository\org\codehaus\plexus\plexus-java\0.9.8\plexus-java-0.9.8.jar;C:\Users\丹哥\.m2\repository\org\ow2\asm\asm\6.1.1\asm-6.1.1.jar;C:\Users\丹哥\.m2\repository\com\thoughtworks\qdox\qdox\2.0-M7\qdox-2.0-M7.jar;C:\Users\丹哥\.m2\repository\org\seleniumhq\selenium\selenium-java\3.10.0\selenium-java-3.10.0.jar;C:\Users\丹哥\.m2\repository\org\seleniumhq\selenium\selenium-api\3.10.0\selenium-api-3.10.0.jar;C:\Users\丹哥\.m2\repository\org\seleniumhq\selenium\selenium-chrome-driver\3.10.0\selenium-chrome-driver-3.10.0.jar;C:\Users\丹哥\.m2\repository\org\seleniumhq\selenium\selenium-edge-driver\3.10.0\selenium-edge-driver-3.10.0.jar;C:\Users\丹哥\.m2\repository\org\seleniumhq\selenium\selenium-firefox-driver\3.10.0\selenium-firefox-driver-3.10.0.jar;C:\Users\丹哥\.m2\repository\org\seleniumhq\selenium\selenium-ie-driver\3.10.0\selenium-ie-driver-3.10.0.jar;C:\Users\丹哥\.m2\repository\org\seleniumhq\selenium\selenium-opera-driver\3.10.0\selenium-opera-driver-3.10.0.jar;C:\Users\丹哥\.m2\repository\org\seleniumhq\selenium\selenium-remote-driver\3.10.0\selenium-remote-driver-3.10.0.jar;C:\Users\丹哥\.m2\repository\org\seleniumhq\selenium\selenium-safari-driver\3.10.0\selenium-safari-driver-3.10.0.jar;C:\Users\丹哥\.m2\repository\org\seleniumhq\selenium\selenium-support\3.10.0\selenium-support-3.10.0.jar;C:\Users\丹哥\.m2\repository\net\bytebuddy\byte-buddy\1.7.9\byte-buddy-1.7.9.jar;C:\Users\丹哥\.m2\repository\org\apache\commons\commons-exec\1.3\commons-exec-1.3.jar;C:\Users\丹哥\.m2\repository\commons-codec\commons-codec\1.10\commons-codec-1.10.jar;C:\Users\丹哥\.m2\repository\commons-logging\commons-logging\1.2\commons-logging-1.2.jar;C:\Users\丹哥\.m2\repository\com\google\code\gson\gson\2.8.2\gson-2.8.2.jar;C:\Users\丹哥\.m2\repository\com\google\guava\guava\23.6-jre\guava-23.6-jre.jar;C:\Users\丹哥\.m2\repository\com\google\code\findbugs\jsr305\1.3.9\jsr305-1.3.9.jar;C:\Users\丹哥\.m2\repository\org\checkerframework\checker-compat-qual\2.0.0\checker-compat-qual-2.0.0.jar;C:\Users\丹哥\.m2\repository\com\google\errorprone\error_prone_annotations\2.1.3\error_prone_annotations-2.1.3.jar;C:\Users\丹哥\.m2\repository\com\google\j2objc\j2objc-annotations\1.1\j2objc-annotations-1.1.jar;C:\Users\丹哥\.m2\repository\org\codehaus\mojo\animal-sniffer-annotations\1.14\animal-sniffer-annotations-1.14.jar;C:\Users\丹哥\.m2\repository\org\apache\httpcomponents\httpclient\4.5.3\httpclient-4.5.3.jar;C:\Users\丹哥\.m2\repository\org\apache\httpcomponents\httpcore\4.4.6\httpcore-4.4.6.jar;C:\Users\丹哥\.m2\repository\com\squareup\okhttp3\okhttp\3.9.1\okhttp-3.9.1.jar;C:\Users\丹哥\.m2\repository\com\squareup\okio\okio\1.13.0\okio-1.13.0.jar;C:\Users\丹哥\.m2\repository\org\testng\testng\6.14.3\testng-6.14.3.jar;C:\Users\丹哥\.m2\repository\com\beust\jcommander\1.72\jcommander-1.72.jar;C:\Users\丹哥\.m2\repository\org\apache-extras\beanshell\bsh\2.0b6\bsh-2.0b6.jar;C:\Users\丹哥\.m2\repository\org\apache\logging\log4j\log4j-core\2.10.0\log4j-core-2.10.0.jar;C:\Users\丹哥\.m2\repository\org\apache\logging\log4j\log4j-api\2.10.0\log4j-api-2.10.0.jar;C:\Users\丹哥\.m2\repository\org\apache\directory\studio\org.apache.commons.io\2.4\org.apache.commons.io-2.4.jar;C:\Users\丹哥\.m2\repository\log4j\log4j\1.2.17\log4j-1.2.17.jar;C:\Users\丹哥\.m2\repository\org\slf4j\slf4j-api\1.8.0-beta1\slf4j-api-1.8.0-beta1.jar;C:\Users\丹哥\.m2\repository\org\slf4j\slf4j-log4j12\1.8.0-beta1\slf4j-log4j12-1.8.0-beta1.jar;C:\Users\丹哥\.m2\repository\jaxen\jaxen\1.1.6\jaxen-1.1.6.jar;C:\Users\丹哥\.m2\repository\dom4j\dom4j\1.6.1\dom4j-1.6.1.jar;C:\Users\丹哥\.m2\repository\xml-apis\xml-apis\1.0.b2\xml-apis-1.0.b2.jar;C:\Users\丹哥\.m2\repository\org\jyaml\jyaml\1.3\jyaml-1.3.jar;C:\Users\丹哥\.m2\repository\net\sourceforge\jexcelapi\jxl\2.6.10\jxl-2.6.10.jar;C:\Users\丹哥\.m2\repository\org\apache\poi\poi\3.17\poi-3.17.jar;C:\Users\丹哥\.m2\repository\org\apache\commons\commons-collections4\4.1\commons-collections4-4.1.jar;C:\Users\丹哥\.m2\repository\com\jayway\jsonpath\json-path-assert\2.2.0\json-path-assert-2.2.0.jar;C:\Users\丹哥\.m2\repository\org\hamcrest\hamcrest-core\1.3\hamcrest-core-1.3.jar;C:\Users\丹哥\.m2\repository\org\hamcrest\hamcrest-library\1.3\hamcrest-library-1.3.jar;C:\Users\丹哥\.m2\repository\com\jayway\jsonpath\json-path\2.2.0\json-path-2.2.0.jar;C:\Users\丹哥\.m2\repository\net\minidev\json-smart\2.2.1\json-smart-2.2.1.jar;C:\Users\丹哥\.m2\repository\net\minidev\accessors-smart\1.1\accessors-smart-1.1.jar;C:\Users\丹哥\.m2\repository\org\apache\poi\poi-ooxml\3.17\poi-ooxml-3.17.jar;C:\Users\丹哥\.m2\repository\org\apache\poi\poi-ooxml-schemas\3.17\poi-ooxml-schemas-3.17.jar;C:\Users\丹哥\.m2\repository\org\apache\xmlbeans\xmlbeans\2.6.0\xmlbeans-2.6.0.jar;C:\Users\丹哥\.m2\repository\stax\stax-api\1.0.1\stax-api-1.0.1.jar;C:\Users\丹哥\.m2\repository\com\github\virtuald\curvesapi\1.04\curvesapi-1.04.jar;C:\Users\丹哥\.m2\repository\commons-io\commons-io\2.6\commons-io-2.6.jar;C:\Users\丹哥\.m2\repository\mysql\mysql-connector-java\5.1.26\mysql-connector-java-5.1.26.jar;C:\Users\丹哥\.m2\repository\com\sun\mail\javax.mail\1.6.1\javax.mail-1.6.1.jar;C:\Users\丹哥\.m2\repository\javax\activation\activation\1.1\activation-1.1.jar;C:\Users\丹哥\.m2\repository\org\apache\maven\surefire\surefire-testng\2.21.0\surefire-testng-2.21.0.jar;C:\Users\丹哥\.m2\repository\org\apache\maven\surefire\common-java5\2.21.0\common-java5-2.21.0.jar;C:\Users\丹哥\.m2\repository\org\apache\maven\surefire\surefire-testng-utils\2.21.0\surefire-testng-utils-2.21.0.jar;C:\Users\丹哥\.m2\repository\org\apache\maven\surefire\surefire-grouper\2.21.0\surefire-grouper-2.21.0.jar;C:\Users\丹哥\.m2\repository\org\apache\maven\surefire\surefire-api\2.21.0\surefire-api-2.21.0.jar;C:\Users\丹哥\.m2\repository\org\apache\maven\surefire\surefire-logger-api\2.21.0\surefire-logger-api-2.21.0.jar;C:\Users\丹哥\.m2\repository\org\postgresql\postgresql\42.2.2\postgresql-42.2.2.jar;C:\Users\丹哥\.m2\repository\com\relevantcodes\extentreports\2.41.2\extentreports-2.41.2.jar;C:\Users\丹哥\.m2\repository\org\jsoup\jsoup\1.8.3\jsoup-1.8.3.jar;C:\Users\丹哥\.m2\repository\org\xerial\sqlite-jdbc\3.8.11.1\sqlite-jdbc-3.8.11.1.jar;C:\Users\丹哥\.m2\repository\org\freemarker\freemarker\2.3.23\freemarker-2.3.23.jar;C:\Users\丹哥\.m2\repository\org\mongodb\mongodb-driver\3.0.4\mongodb-driver-3.0.4.jar;C:\Users\丹哥\.m2\repository\org\mongodb\bson\3.0.4\bson-3.0.4.jar;C:\Users\丹哥\.m2\repository\org\mongodb\mongodb-driver-core\3.0.4\mongodb-driver-core-3.0.4.jar;C:\Users\丹哥\.m2\repository\com\vimalselvam\testng-extentsreport\1.3.1\testng-extentsreport-1.3.1.jar;C:\Users\丹哥\.m2\repository\com\aventstack\extentreports\3.1.5\extentreports-3.1.5.jar;C:\Users\丹哥\.m2\repository\org\apache\httpcomponents\httpmime\4.5.2\httpmime-4.5.2.jar;C:\Users\丹哥\.m2\repository\de\openkeyword\autoit\0.1.17\autoit-0.1.17.jar;C:\Users\丹哥\.m2\repository\net\sf\jacob-project\jacob\1.14.3\jacob-1.14.3.jar;C:\Users\丹哥\.m2\repository\org\antlr\antlr4-runtime\4.7.1\antlr4-runtime-4.7.1.jar;C:\Users\丹哥\.m2\repository\org\antlr\ST4\4.0.8\ST4-4.0.8.jar;C:\Users\丹哥\.m2\repository\org\antlr\antlr-runtime\3.5.2\antlr-runtime-3.5.2.jar;C:\Users\丹哥\.m2\repository\com\sun\xml\bind\jaxb-core\2.3.0\jaxb-core-2.3.0.jar;C:\Users\丹哥\.m2\repository\javax\xml\bind\jaxb-api\2.3.0\jaxb-api-2.3.0.jar;C:\Users\丹哥\.m2\repository\com\sun\xml\bind\jaxb-impl\2.3.0\jaxb-impl-2.3.0.jar;C:\Users\丹哥\.m2\repository\com\sun\xml\bind\jaxb-jxc\2.3.0\jaxb-jxc-2.3.0.jar;C:\Users\丹哥\.m2\repository\com\sun\xml\bind\jaxb-xjc\2.3.0\jaxb-xjc-2.3.0.jar;C:\Users\丹哥\.m2\repository\org\apache\maven\surefire\surefire-testng-utils\2.22.0\surefire-testng-utils-2.22.0.jar;C:\Users\丹哥\.m2\repository\org\apache\maven\surefire\surefire-grouper\2.22.0\surefire-grouper-2.22.0.jar;"/>
    <property name="sun.cpu.endian" value="little"/>
    <property name="user.home" value="C:\Users\丹哥"/>
    <property name="user.language" value="zh"/>
    <property name="java.specification.vendor" value="Oracle Corporation"/>
    <property name="java.home" value="D:\JDK1.8\jre"/>
    <property name="basedir" value="D:\SVN2\UIAutomation"/>
    <property name="file.separator" value="\"/>
    <property name="line.separator" value="&#10;"/>
    <property name="java.vm.specification.vendor" value="Oracle Corporation"/>
    <property name="java.specification.name" value="Java Platform API Specification"/>
    <property name="java.awt.graphicsenv" value="sun.awt.Win32GraphicsEnvironment"/>
    <property name="surefire.real.class.path" value="C:\Users\丹哥\AppData\Local\Temp\surefire3104557278566884220\surefirebooter4950873229014087243.jar"/>
    <property name="sun.boot.class.path" value="D:\JDK1.8\jre\lib\resources.jar;D:\JDK1.8\jre\lib\rt.jar;D:\JDK1.8\jre\lib\sunrsasign.jar;D:\JDK1.8\jre\lib\jsse.jar;D:\JDK1.8\jre\lib\jce.jar;D:\JDK1.8\jre\lib\charsets.jar;D:\JDK1.8\jre\lib\jfr.jar;D:\JDK1.8\jre\classes"/>
    <property name="user.script" value=""/>
    <property name="sun.management.compiler" value="HotSpot 64-Bit Tiered Compilers"/>
    <property name="java.runtime.version" value="1.8.0_181-b13"/>
    <property name="user.name" value="丹哥"/>
    <property name="path.separator" value=";"/>
    <property name="os.version" value="10.0"/>
    <property name="java.endorsed.dirs" value="D:\JDK1.8\jre\lib\endorsed"/>
    <property name="java.runtime.name" value="Java(TM) SE Runtime Environment"/>
    <property name="file.encoding" value="GBK"/>
    <property name="java.vm.name" value="Java HotSpot(TM) 64-Bit Server VM"/>
    <property name="localRepository" value="C:\Users\丹哥\.m2\repository"/>
    <property name="java.vendor.url.bug" value="http://bugreport.sun.com/bugreport/"/>
    <property name="java.io.tmpdir" value="C:\Users\丹哥\AppData\Local\Temp\"/>
    <property name="java.version" value="1.8.0_181"/>
    <property name="user.dir" value="D:\SVN2\UIAutomation"/>
    <property name="os.arch" value="amd64"/>
    <property name="java.vm.specification.name" value="Java Virtual Machine Specification"/>
    <property name="java.awt.printerjob" value="sun.awt.windows.WPrinterJob"/>
    <property name="sun.os.patch.level" value=""/>
    <property name="java.library.path" value="D:\JDK1.8\jre\bin;C:\WINDOWS\Sun\Java\bin;C:\WINDOWS\system32;C:\WINDOWS;C:\Program Files (x86)\Common Files\Oracle\Java\javapath;C:\Program Files (x86)\Intel\iCLS Client\;C:\Program Files\Intel\iCLS Client\;C:\windows\system32;C:\windows;C:\windows\System32\Wbem;C:\windows\System32\WindowsPowerShell\v1.0\;C:\Program Files (x86)\Intel\Intel(R) Management Engine Components\DAL;C:\Program Files\Intel\Intel(R) Management Engine Components\DAL;C:\Program Files (x86)\Intel\Intel(R) Management Engine Components\IPT;C:\Program Files\Intel\Intel(R) Management Engine Components\IPT;C:\Program Files (x86)\NVIDIA Corporation\PhysX\Common;C:\Program Files\Intel\WiFi\bin\;C:\Program Files\Common Files\Intel\WirelessCommon\;C:\WINDOWS\system32;C:\WINDOWS;C:\WINDOWS\System32\Wbem;C:\WINDOWS\System32\WindowsPowerShell\v1.0\;C:\WINDOWS\System32\OpenSSH\;D:\Idea\IntelliJ IDEA 2018.1.4\plugins\maven\lib\maven3\bin;&quot;C:\WINDOWS\system32;C:\WINDOWS;C:\WINDOWS\System32\Wbem;&quot;;G:\Subversion\bin;G:\VisualSVN Server\bin;G:\TortoiseSVN\bin;C:\Users\丹哥\AppData\Local\Microsoft\WindowsApps;;."/>
    <property name="java.vm.info" value="mixed mode"/>
    <property name="java.vendor" value="Oracle Corporation"/>
    <property name="java.vm.version" value="25.181-b13"/>
    <property name="java.ext.dirs" value="D:\JDK1.8\jre\lib\ext;C:\WINDOWS\Sun\Java\lib\ext"/>
    <property name="sun.io.unicode.encoding" value="UnicodeLittle"/>
    <property name="java.class.version" value="52.0"/>
  </properties>
  <testcase name="vicubeLogin" classname="com.testcases.VicubeSystem" time="7.445"/>
  <testcase name="vicubeLogin" classname="com.testcases.VicubeSystem" time="6.953"/>
  <testcase name="vicubeLogin" classname="com.testcases.VicubeSystem" time="6.126"/>
  <testcase name="vicubeLogin" classname="com.testcases.VicubeSystem" time="7.049"/>
  <testcase name="vicubeLogin" classname="com.testcases.VicubeSystem" time="7.062"/>
  <testcase name="vicubeLogin" classname="com.testcases.VicubeSystem" time="7.151"/>
  <testcase name="vicubeLogin" classname="com.testcases.VicubeSystem" time="7.115"/>
  <testcase name="vicubeLogin" classname="com.testcases.VicubeSystem" time="7.283"/>
  <testcase name="vicubeLogin" classname="com.testcases.VicubeSystem" time="6.985"/>
  <testcase name="vicubeLogin" classname="com.testcases.VicubeSystem" time="7.289"/>
  <testcase name="promptMessage" classname="com.testcases.VicubeSystem" time="4.204"/>
  <testcase name="promptMessage" classname="com.testcases.VicubeSystem" time="4.149"/>
  <testcase name="promptMessage" classname="com.testcases.VicubeSystem" time="4.145"/>
  <testcase name="promptMessage" classname="com.testcases.VicubeSystem" time="4.15"/>
  <testcase name="promptMessage" classname="com.testcases.VicubeSystem" time="4.131"/>
  <testcase name="promptMessage" classname="com.testcases.VicubeSystem" time="4.128"/>
  <testcase name="promptMessage" classname="com.testcases.VicubeSystem" time="4.125"/>
  <testcase name="promptMessage" classname="com.testcases.VicubeSystem" time="4.133"/>
  <testcase name="promptMessage" classname="com.testcases.VicubeSystem" time="4.125"/>
  <testcase name="promptMessage" classname="com.testcases.VicubeSystem" time="4.119"/>
  <testcase name="systemSetting" classname="com.testcases.VicubeSystem" time="2.29"/>
  <testcase name="systemSetting" classname="com.testcases.VicubeSystem" time="1.506"/>
  <testcase name="systemSetting" classname="com.testcases.VicubeSystem" time="1.568"/>
  <testcase name="systemSetting" classname="com.testcases.VicubeSystem" time="1.487"/>
  <testcase name="systemSetting" classname="com.testcases.VicubeSystem" time="1.48"/>
  <testcase name="userManagement" classname="com.testcases.VicubeSystem" time="1.097"/>
  <testcase name="userManagement" classname="com.testcases.VicubeSystem" time="1.109"/>
  <testcase name="userManagement" classname="com.testcases.VicubeSystem" time="1.092"/>
  <testcase name="userManagementCreate" classname="com.testcases.VicubeSystem" time="3.246"/>
  <testcase name="userCreateSave" classname="com.testcases.VicubeSystem" time="1.755"/>
  <testcase name="userSelect" classname="com.testcases.VicubeSystem" time="3.812"/>
  <testcase name="userEdit" classname="com.testcases.VicubeSystem" time="4.083"/>
  <testcase name="commonSave" classname="com.testcases.VicubeSystem" time="1.752"/>
  <testcase name="commonSave" classname="com.testcases.VicubeSystem" time="1.858"/>
  <testcase name="userEditSaveSelect" classname="com.testcases.VicubeSystem" time="4.918"/>
  <testcase name="userEditSaveSelect" classname="com.testcases.VicubeSystem" time="5.154"/>
  <testcase name="userAllocationPrivilege" classname="com.testcases.VicubeSystem" time="2.425"/>
  <testcase name="userAllocationPrivilege" classname="com.testcases.VicubeSystem" time="2.295"/>
  <testcase name="menuModle" classname="com.testcases.VicubeSystem" time="1.703"/>
  <testcase name="userAllocationPrivilegeSave" classname="com.testcases.VicubeSystem" time="1.781"/>
  <testcase name="userAllocationPrivilegeSave" classname="com.testcases.VicubeSystem" time="1.383"/>
  <testcase name="workingGroupManagement" classname="com.testcases.VicubeSystem" time="1.092"/>
  <testcase name="workingGroupManagement" classname="com.testcases.VicubeSystem" time="1.097"/>
  <testcase name="workingGroupManagementGreate" classname="com.testcases.VicubeSystem" time="2.532"/>
  <testcase name="workingGroupManagementSelect" classname="com.testcases.VicubeSystem" time="4.48"/>
  <testcase name="workingGroupManagementEdit" classname="com.testcases.VicubeSystem" time="3.508"/>
  <testcase name="editSave" classname="com.testcases.VicubeSystem" time="1.725"/>
  <testcase name="refresh" classname="com.testcases.VicubeSystem" time="4.514"/>
  <testcase name="workingGroupManagementEditSelect" classname="com.testcases.VicubeSystem" time="4.482"/>
  <testcase name="workingGroupManagementEditSelect" classname="com.testcases.VicubeSystem" time="4.566"/>
  <testcase name="workingGroupAssignmentUser" classname="com.testcases.VicubeSystem" time="2.626"/>
  <testcase name="workingGroupAssignmentManagement" classname="com.testcases.VicubeSystem" time="2.532"/>
  <testcase name="userLogoutSystem" classname="com.testcases.VicubeSystem" time="3.194"/>
  <testcase name="userLogoutSystem" classname="com.testcases.VicubeSystem" time="3.174"/>
  <testcase name="userInvalidLogin" classname="com.testcases.VicubeSystem" time="3.569"/>
  <testcase name="clickSelectButton" classname="com.testcases.VicubeSystem" time="1.152"/>
  <testcase name="clickSelectButton" classname="com.testcases.VicubeSystem" time="1.144"/>
  <testcase name="userAssignmentGroup" classname="com.testcases.VicubeSystem" time="2.651"/>
  <testcase name="userResetPassword" classname="com.testcases.VicubeSystem" time="3.444"/>
  <testcase name="userChangeState" classname="com.testcases.VicubeSystem" time="4.4"/>
  <testcase name="userChangeState" classname="com.testcases.VicubeSystem" time="4.44"/>
  <testcase name="userLogin" classname="com.testcases.VicubeSystem" time="1.576"/>
  <testcase name="verifyMenuSystemManagement" classname="com.testcases.VicubeSystem" time="1.082"/>
  <testcase name="auditManagement" classname="com.testcases.VicubeSystem" time="1.092"/>
  <testcase name="auditManagementViewLog" classname="com.testcases.VicubeSystem" time="1.882"/>
  <testcase name="auditManagementSelect" classname="com.testcases.VicubeSystem" time="4.551"/>
  <testcase name="userEditSaveSelect1" classname="com.testcases.VicubeSystem" time="5.069"/>
  <testcase name="chooseUserButton" classname="com.testcases.VicubeSystem" time="3.078"/>
  <testcase name="userDelete" classname="com.testcases.VicubeSystem" time="3.433"/>
  <testcase name="userGroupChangeState" classname="com.testcases.VicubeSystem" time="4.422"/>
  <testcase name="workingGroupManagementInvalidSelect" classname="com.testcases.VicubeSystem" time="3.765"/>
  <testcase name="userGroupDelete" classname="com.testcases.VicubeSystem" time="3.43"/>
  <testcase name="concentratedAlarm" classname="com.testcases.VicubeSystem" time="1.139"/>
  <testcase name="concentratedAlarm" classname="com.testcases.VicubeSystem" time="1.116"/>
  <testcase name="concentratedAlarm" classname="com.testcases.VicubeSystem" time="1.116"/>
  <testcase name="concentratedAlarm" classname="com.testcases.VicubeSystem" time="1.108"/>
  <testcase name="concentratedAlarm" classname="com.testcases.VicubeSystem" time="1.108"/>
  <testcase name="alarmConfig" classname="com.testcases.VicubeSystem" time="1.108"/>
  <testcase name="alarmConfig" classname="com.testcases.VicubeSystem" time="1.121"/>
  <testcase name="denoiseStrategy" classname="com.testcases.VicubeSystem" time="1.11"/>
  <testcase name="denoiseStrategy" classname="com.testcases.VicubeSystem" time="1.119"/>
  <testcase name="denoiseStrategyChooseAlarmMergeRules" classname="com.testcases.VicubeSystem" time="1.556"/>
  <testcase name="alarmMergeRulesCreateBasicSetting" classname="com.testcases.VicubeSystem" time="2.789"/>
  <testcase name="alarmMergeRulesCreateRulesConditionSetting" classname="com.testcases.VicubeSystem" time="2.218"/>
  <testcase name="alarmMergeRulesCreateRulesConditionAdvancedSetting" classname="com.testcases.VicubeSystem" time="1.541"/>
  <testcase name="alarmMergeRulesCreateAlarmMergeSetting" classname="com.testcases.VicubeSystem" time="1.59"/>
  <testcase name="denoiseStrategyAlarmMergeRulesSelectVerify" classname="com.testcases.VicubeSystem" time="3.168"/>
  <testcase name="alarmMergeRulesEditBasicSetting" classname="com.testcases.VicubeSystem" time="2.781"/>
  <testcase name="alarmMergeRulesEditRulesConditionSetting" classname="com.testcases.VicubeSystem" time="1.091"/>
  <testcase name="alarmMergeRulesEditRulesConditionAdvancedSetting" classname="com.testcases.VicubeSystem" time="1.095"/>
  <testcase name="alarmMergeRulesEditAlarmMergeSetting" classname="com.testcases.VicubeSystem" time="1.098"/>
  <testcase name="denoiseStrategyAlarmMergeRulesEditSelectVerify" classname="com.testcases.VicubeSystem" time="2.743"/>
  <testcase name="alarmRulesStartUsing" classname="com.testcases.VicubeSystem" time="1.468"/>
  <testcase name="alarmRulesStartUsing" classname="com.testcases.VicubeSystem" time="1.427"/>
  <testcase name="denoiseStrategyAlarmMergeRulesEditSelect1" classname="com.testcases.VicubeSystem" time="2.096"/>
  <testcase name="alarmRulesBlockUp" classname="com.testcases.VicubeSystem" time="1.463"/>
  <testcase name="alarmRulesBlockUp" classname="com.testcases.VicubeSystem" time="1.474"/>
  <testcase name="denoiseStrategyAlarmMergeRulesEditSelect" classname="com.testcases.VicubeSystem" time="2.077"/>
  <testcase name="alarmRulesDelete" classname="com.testcases.VicubeSystem" time="3.508"/>
  <testcase name="alarmRulesDelete" classname="com.testcases.VicubeSystem" time="3.449"/>
  <testcase name="denoiseStrategyChooseAlarmClassifyRules" classname="com.testcases.VicubeSystem" time="1.875"/>
  <testcase name="alarmClassifyRulesCreateBasicSetting" classname="com.testcases.VicubeSystem" time="2.827"/>
  <testcase name="alarmClassifyRulesCreateRulesConditionSetting" classname="com.testcases.VicubeSystem" time="2.234"/>
  <testcase name="alarmClassifyRulesCreateRulesConditionAdvancedSetting" classname="com.testcases.VicubeSystem" time="1.533"/>
  <testcase name="alarmClassifyRulesCreateAlarmClassifySetting" classname="com.testcases.VicubeSystem" time="1.173"/>
  <testcase name="denoiseStrategyAlarmClassifyRulesSelectVerify" classname="com.testcases.VicubeSystem" time="3.164"/>
  <testcase name="alarmClassifyRulesEditBasicSetting" classname="com.testcases.VicubeSystem" time="2.731"/>
  <testcase name="alarmClassifyRulesEditRulesConditionSetting" classname="com.testcases.VicubeSystem" time="1.095"/>
  <testcase name="alarmClassifyRulesEditRulesConditionAdvancedSetting" classname="com.testcases.VicubeSystem" time="1.12"/>
  <testcase name="alarmClassifyRulesEditAlarmClassifySetting" classname="com.testcases.VicubeSystem" time="1.156"/>
  <testcase name="denoiseStrategyAlarmClassifyRulesEditSelectVerify" classname="com.testcases.VicubeSystem" time="2.681"/>
  <testcase name="denoiseStrategyAlarmClassifyRulesEditSelect" classname="com.testcases.VicubeSystem" time="2.049"/>
  <testcase name="denoiseStrategyAlarmClassifyRulesEditSelect1" classname="com.testcases.VicubeSystem" time="2.018"/>
  <testcase name="alarmDisplay" classname="com.testcases.VicubeSystem" time="1.101"/>
  <testcase name="alarmDisplay" classname="com.testcases.VicubeSystem" time="1.096"/>
  <testcase name="alarmDisplay" classname="com.testcases.VicubeSystem" time="1.091"/>
  <testcase name="alarmDisplayColumnSettingAllChoose" classname="com.testcases.VicubeSystem" time="7.266"/>
  <testcase name="alarmDisplayPendingAlarm" classname="com.testcases.VicubeSystem" time="1.095"/>
  <testcase name="alarmDisplayPendingAlarm" classname="com.testcases.VicubeSystem" time="1.074"/>
  <testcase name="alarmDisplayViewMultitermHint" classname="com.testcases.VicubeSystem" time="1.672"/>
  <testcase name="alarmDisplayChooseTwoFunction" classname="com.testcases.VicubeSystem" time="1.124"/>
  <testcase name="alarmDisplayAutoRefresh" classname="com.testcases.VicubeSystem" time="23.444"/>
  <testcase name="alarmDisplaySelect" classname="com.testcases.VicubeSystem" time="5.451"/>
  <testcase name="alarmDisplaySelect" classname="com.testcases.VicubeSystem" time="5.443"/>
  <testcase name="alarmDisplayView" classname="com.testcases.VicubeSystem" time="1.252"/>
  <testcase name="alarmDisplayViewForwardShifting" classname="com.testcases.VicubeSystem" time="1.146"/>
  <testcase name="alarmDisplayForwardShiftingMode2" classname="com.testcases.VicubeSystem" time="2.168"/>
  <testcase name="alarmDisplayViewForwardShiftingHintConfirm" classname="com.testcases.VicubeSystem" time="1.129"/>
  <testcase name="alarmDisplayChooseFunction" classname="com.testcases.VicubeSystem" time="2.099"/>
  <testcase name="alarmDisplayChooseFunction" classname="com.testcases.VicubeSystem" time="2.097"/>
  <testcase name="alarmDisplayView2" classname="com.testcases.VicubeSystem" time="1.199"/>
  <testcase name="alarmDisplayViewResolved" classname="com.testcases.VicubeSystem" time="1.107"/>
  <testcase name="alarmDisplayResolvedOfResolved" classname="com.testcases.VicubeSystem" time="1.842"/>
  <testcase name="alarmDisplayResolvedOfResolved" classname="com.testcases.VicubeSystem" time="1.971"/>
  <testcase name="alarmDisplayViewResolvedOfResolvedHintConfirm" classname="com.testcases.VicubeSystem" time="1.109"/>
  <testcase name="alarmDisplayChooseFunction2" classname="com.testcases.VicubeSystem" time="2.074"/>
  <testcase name="alarmDisplayChooseFunction2" classname="com.testcases.VicubeSystem" time="2.107"/>
  <testcase name="alarmDisplayView3" classname="com.testcases.VicubeSystem" time="1.249"/>
  <testcase name="alarmDisplayViewOtherInformation" classname="com.testcases.VicubeSystem" time="1.136"/>
  <testcase name="alarmDisplayViewResolved2" classname="com.testcases.VicubeSystem" time="1.1"/>
  <testcase name="alarmDisplayResolvedOfIgnore" classname="com.testcases.VicubeSystem" time="2.353"/>
  <testcase name="alarmDisplayResolvedOfIgnore" classname="com.testcases.VicubeSystem" time="2.438"/>
  <testcase name="alarmDisplayViewResolvedOfIgnoreHintConfirm" classname="com.testcases.VicubeSystem" time="1.108"/>
  <testcase name="alarmDisplayChooseFunction3" classname="com.testcases.VicubeSystem" time="1.095"/>
  <testcase name="alarmDisplayView4" classname="com.testcases.VicubeSystem" time="1.306"/>
  <testcase name="alarmDisplayViewEventQuery" classname="com.testcases.VicubeSystem" time="1.727"/>
  <testcase name="alarmDisplayViewOperationLogs" classname="com.testcases.VicubeSystem" time="1.573"/>
  <testcase name="alarmDisplayRelevanceAlarm" classname="com.testcases.VicubeSystem" time="1.458"/>
  <testcase name="alarmDisplayViewCancel" classname="com.testcases.VicubeSystem" time="1.109"/>
  <testcase name="alarmDisplayAlarmsNumber" classname="com.testcases.VicubeSystem" time="2.904"/>
  <testcase name="alarmDisplaySearch" classname="com.testcases.VicubeSystem" time="2.538"/>
  <testcase name="alarmDisplayConfirmationClick" classname="com.testcases.VicubeSystem" time="1.222"/>
  <testcase name="alarmDisplayConfirmation" classname="com.testcases.VicubeSystem" time="1.882"/>
  <testcase name="alarmDisplayResolvedButton3" classname="com.testcases.VicubeSystem" time="1.224"/>
  <testcase name="alarmDisplayResolvedOfClearMemory" classname="com.testcases.VicubeSystem" time="3.26"/>
  <testcase name="alarmDisplayResolvedOfClearMemoryHintConfirm" classname="com.testcases.VicubeSystem" time="1.165"/>
  <testcase name="alarmDisplayConfirmedAlarm" classname="com.testcases.VicubeSystem" time="2.17"/>
  <testcase name="alarmDisplayForwardShiftingClick" classname="com.testcases.VicubeSystem" time="1.241"/>
  <testcase name="alarmDisplayForwardShifting" classname="com.testcases.VicubeSystem" time="2.195"/>
  <testcase name="alarmDisplayForwardShiftingHintConfirm" classname="com.testcases.VicubeSystem" time="1.096"/>
  <testcase name="alarmDisplayForwardShiftingAlarm" classname="com.testcases.VicubeSystem" time="3.141"/>
  <testcase name="alarmDisplayForwardShiftingAlarm" classname="com.testcases.VicubeSystem" time="3.204"/>
  <testcase name="alarmDisplayResolvedButton" classname="com.testcases.VicubeSystem" time="1.193"/>
  <testcase name="alarmDisplayResolvedOfResolvedHintConfirm" classname="com.testcases.VicubeSystem" time="1.122"/>
  <testcase name="alarmDisplayResolvedButton2" classname="com.testcases.VicubeSystem" time="1.172"/>
  <testcase name="alarmDisplayResolvedOfIgnoreHintConfirm" classname="com.testcases.VicubeSystem" time="1.106"/>
  <testcase name="alarmDisplayResolvedAlarm" classname="com.testcases.VicubeSystem" time="3.198"/>
  <testcase name="alarmDisplayIgnoreAlarm" classname="com.testcases.VicubeSystem" time="2.198"/>
  <testcase name="alarmDisplayAlarmsNumberVerify" classname="com.testcases.VicubeSystem" time="2.578"/>
  <testcase name="alarmDisplayAlarmRank" classname="com.testcases.VicubeSystem" time="5.425"/>
  <testcase name="alarmDisplayColumnSettingAllCancle" classname="com.testcases.VicubeSystem" time="9.952"/>
</testsuite>