<?xml version="1.0" encoding="UTF-8"?>
<testsuite xmlns:xsi="http://www.w3.org/2001/XMLSchema-instance" xsi:noNamespaceSchemaLocation="https://maven.apache.org/surefire/maven-surefire-plugin/xsd/surefire-test-report.xsd" name="TestSuite" time="21.799" tests="90" errors="0" skipped="0" failures="2">
  <properties>
    <property name="sun.desktop" value="windows"/>
    <property name="awt.toolkit" value="sun.awt.windows.WToolkit"/>
    <property name="file.encoding.pkg" value="sun.io"/>
    <property name="java.specification.version" value="1.8"/>
    <property name="sun.cpu.isalist" value="amd64"/>
    <property name="sun.jnu.encoding" value="GBK"/>
    <property name="java.class.path" value="D:\GitHubProject\InterfaceAutomationFrames\target\test-classes;D:\GitHubProject\InterfaceAutomationFrames\target\classes;C:\Users\丹哥\.m2\repository\com\jayway\jsonpath\json-path-assert\2.2.0\json-path-assert-2.2.0.jar;C:\Users\丹哥\.m2\repository\com\jayway\jsonpath\json-path\2.2.0\json-path-2.2.0.jar;C:\Users\丹哥\.m2\repository\net\minidev\json-smart\2.2.1\json-smart-2.2.1.jar;C:\Users\丹哥\.m2\repository\net\minidev\accessors-smart\1.1\accessors-smart-1.1.jar;C:\Users\丹哥\.m2\repository\org\ow2\asm\asm\5.0.3\asm-5.0.3.jar;C:\Users\丹哥\.m2\repository\org\hamcrest\hamcrest-core\1.3\hamcrest-core-1.3.jar;C:\Users\丹哥\.m2\repository\org\hamcrest\hamcrest-library\1.3\hamcrest-library-1.3.jar;C:\Users\丹哥\.m2\repository\org\slf4j\slf4j-api\1.7.16\slf4j-api-1.7.16.jar;C:\Users\丹哥\.m2\repository\com\alibaba\fastjson\1.2.28\fastjson-1.2.28.jar;C:\Users\丹哥\.m2\repository\org\apache\httpcomponents\httpmime\4.5\httpmime-4.5.jar;C:\Users\丹哥\.m2\repository\org\apache\httpcomponents\httpclient\4.5\httpclient-4.5.jar;C:\Users\丹哥\.m2\repository\org\apache\httpcomponents\httpcore\4.4.6\httpcore-4.4.6.jar;C:\Users\丹哥\.m2\repository\org\apache\httpcomponents\httpclient-cache\4.5\httpclient-cache-4.5.jar;C:\Users\丹哥\.m2\repository\commons-logging\commons-logging\1.1.1\commons-logging-1.1.1.jar;C:\Users\丹哥\.m2\repository\commons-codec\commons-codec\1.4\commons-codec-1.4.jar;C:\Users\丹哥\.m2\repository\commons-httpclient\commons-httpclient\3.0.1\commons-httpclient-3.0.1.jar;C:\Users\丹哥\.m2\repository\junit\junit\3.8.1\junit-3.8.1.jar;C:\Users\丹哥\.m2\repository\net\sourceforge\jexcelapi\jxl\2.6.12\jxl-2.6.12.jar;C:\Users\丹哥\.m2\repository\javax\mail\mail\1.4.7\mail-1.4.7.jar;C:\Users\丹哥\.m2\repository\javax\activation\activation\1.1\activation-1.1.jar;C:\Users\丹哥\.m2\repository\org\testng\testng\6.14.3\testng-6.14.3.jar;C:\Users\丹哥\.m2\repository\com\beust\jcommander\1.72\jcommander-1.72.jar;C:\Users\丹哥\.m2\repository\org\apache-extras\beanshell\bsh\2.0b6\bsh-2.0b6.jar;C:\Users\丹哥\.m2\repository\org\json\json\20170516\json-20170516.jar;C:\Users\丹哥\.m2\repository\org\mybatis\mybatis\3.4.4\mybatis-3.4.4.jar;C:\Users\丹哥\.m2\repository\com\relevantcodes\extentreports\2.41.1\extentreports-2.41.1.jar;C:\Users\丹哥\.m2\repository\org\jsoup\jsoup\1.8.3\jsoup-1.8.3.jar;C:\Users\丹哥\.m2\repository\org\xerial\sqlite-jdbc\3.8.11.1\sqlite-jdbc-3.8.11.1.jar;C:\Users\丹哥\.m2\repository\org\freemarker\freemarker\2.3.23\freemarker-2.3.23.jar;C:\Users\丹哥\.m2\repository\org\mongodb\mongodb-driver\3.0.4\mongodb-driver-3.0.4.jar;C:\Users\丹哥\.m2\repository\org\mongodb\bson\3.0.4\bson-3.0.4.jar;C:\Users\丹哥\.m2\repository\org\mongodb\mongodb-driver-core\3.0.4\mongodb-driver-core-3.0.4.jar;C:\Users\丹哥\.m2\repository\com\vimalselvam\testng-extentsreport\1.3.1\testng-extentsreport-1.3.1.jar;C:\Users\丹哥\.m2\repository\com\google\guava\guava\20.0\guava-20.0.jar;C:\Users\丹哥\.m2\repository\com\aventstack\extentreports\3.0.6\extentreports-3.0.6.jar;C:\Users\丹哥\.m2\repository\org\apache\logging\log4j\log4j-core\2.10.0\log4j-core-2.10.0.jar;C:\Users\丹哥\.m2\repository\org\apache\logging\log4j\log4j-api\2.10.0\log4j-api-2.10.0.jar;C:\Users\丹哥\.m2\repository\log4j\log4j\1.2.17\log4j-1.2.17.jar;C:\Users\丹哥\.m2\repository\org\slf4j\slf4j-log4j12\1.8.0-beta1\slf4j-log4j12-1.8.0-beta1.jar;C:\Users\丹哥\.m2\repository\jaxen\jaxen\1.1.1\jaxen-1.1.1.jar;C:\Users\丹哥\.m2\repository\jdom\jdom\1.0\jdom-1.0.jar;C:\Users\丹哥\.m2\repository\xml-apis\xml-apis\1.3.02\xml-apis-1.3.02.jar;C:\Users\丹哥\.m2\repository\xerces\xercesImpl\2.6.2\xercesImpl-2.6.2.jar;C:\Users\丹哥\.m2\repository\xom\xom\1.0\xom-1.0.jar;C:\Users\丹哥\.m2\repository\xerces\xmlParserAPIs\2.6.2\xmlParserAPIs-2.6.2.jar;C:\Users\丹哥\.m2\repository\xalan\xalan\2.6.0\xalan-2.6.0.jar;C:\Users\丹哥\.m2\repository\com\ibm\icu\icu4j\2.6.1\icu4j-2.6.1.jar;C:\Users\丹哥\.m2\repository\dom4j\dom4j\1.6.1\dom4j-1.6.1.jar;C:\Users\丹哥\.m2\repository\org\apache\maven\surefire\surefire-testng-utils\2.22.0\surefire-testng-utils-2.22.0.jar;C:\Users\丹哥\.m2\repository\org\apache\maven\surefire\surefire-grouper\2.22.0\surefire-grouper-2.22.0.jar;"/>
    <property name="java.vm.vendor" value="Oracle Corporation"/>
    <property name="sun.arch.data.model" value="64"/>
    <property name="user.variant" value=""/>
    <property name="java.vendor.url" value="http://java.oracle.com/"/>
    <property name="user.timezone" value="Asia/Shanghai"/>
    <property name="java.vm.specification.version" value="1.8"/>
    <property name="os.name" value="Windows 8.1"/>
    <property name="user.country" value="CN"/>
    <property name="sun.java.launcher" value="SUN_STANDARD"/>
    <property name="sun.boot.library.path" value="D:\JDK1.8\jre\bin"/>
    <property name="sun.java.command" value="C:\Users\丹哥\AppData\Local\Temp\surefire5966865572630030686\surefirebooter3696630115776255822.jar C:\Users\丹哥\AppData\Local\Temp\surefire5966865572630030686 2018-08-16T10-59-37_828-jvmRun1 surefire4538862854970570639tmp surefire_04258130185782925066tmp"/>
    <property name="surefire.test.class.path" value="D:\GitHubProject\InterfaceAutomationFrames\target\test-classes;D:\GitHubProject\InterfaceAutomationFrames\target\classes;C:\Users\丹哥\.m2\repository\com\jayway\jsonpath\json-path-assert\2.2.0\json-path-assert-2.2.0.jar;C:\Users\丹哥\.m2\repository\com\jayway\jsonpath\json-path\2.2.0\json-path-2.2.0.jar;C:\Users\丹哥\.m2\repository\net\minidev\json-smart\2.2.1\json-smart-2.2.1.jar;C:\Users\丹哥\.m2\repository\net\minidev\accessors-smart\1.1\accessors-smart-1.1.jar;C:\Users\丹哥\.m2\repository\org\ow2\asm\asm\5.0.3\asm-5.0.3.jar;C:\Users\丹哥\.m2\repository\org\hamcrest\hamcrest-core\1.3\hamcrest-core-1.3.jar;C:\Users\丹哥\.m2\repository\org\hamcrest\hamcrest-library\1.3\hamcrest-library-1.3.jar;C:\Users\丹哥\.m2\repository\org\slf4j\slf4j-api\1.7.16\slf4j-api-1.7.16.jar;C:\Users\丹哥\.m2\repository\com\alibaba\fastjson\1.2.28\fastjson-1.2.28.jar;C:\Users\丹哥\.m2\repository\org\apache\httpcomponents\httpmime\4.5\httpmime-4.5.jar;C:\Users\丹哥\.m2\repository\org\apache\httpcomponents\httpclient\4.5\httpclient-4.5.jar;C:\Users\丹哥\.m2\repository\org\apache\httpcomponents\httpcore\4.4.6\httpcore-4.4.6.jar;C:\Users\丹哥\.m2\repository\org\apache\httpcomponents\httpclient-cache\4.5\httpclient-cache-4.5.jar;C:\Users\丹哥\.m2\repository\commons-logging\commons-logging\1.1.1\commons-logging-1.1.1.jar;C:\Users\丹哥\.m2\repository\commons-codec\commons-codec\1.4\commons-codec-1.4.jar;C:\Users\丹哥\.m2\repository\commons-httpclient\commons-httpclient\3.0.1\commons-httpclient-3.0.1.jar;C:\Users\丹哥\.m2\repository\junit\junit\3.8.1\junit-3.8.1.jar;C:\Users\丹哥\.m2\repository\net\sourceforge\jexcelapi\jxl\2.6.12\jxl-2.6.12.jar;C:\Users\丹哥\.m2\repository\javax\mail\mail\1.4.7\mail-1.4.7.jar;C:\Users\丹哥\.m2\repository\javax\activation\activation\1.1\activation-1.1.jar;C:\Users\丹哥\.m2\repository\org\testng\testng\6.14.3\testng-6.14.3.jar;C:\Users\丹哥\.m2\repository\com\beust\jcommander\1.72\jcommander-1.72.jar;C:\Users\丹哥\.m2\repository\org\apache-extras\beanshell\bsh\2.0b6\bsh-2.0b6.jar;C:\Users\丹哥\.m2\repository\org\json\json\20170516\json-20170516.jar;C:\Users\丹哥\.m2\repository\org\mybatis\mybatis\3.4.4\mybatis-3.4.4.jar;C:\Users\丹哥\.m2\repository\com\relevantcodes\extentreports\2.41.1\extentreports-2.41.1.jar;C:\Users\丹哥\.m2\repository\org\jsoup\jsoup\1.8.3\jsoup-1.8.3.jar;C:\Users\丹哥\.m2\repository\org\xerial\sqlite-jdbc\3.8.11.1\sqlite-jdbc-3.8.11.1.jar;C:\Users\丹哥\.m2\repository\org\freemarker\freemarker\2.3.23\freemarker-2.3.23.jar;C:\Users\丹哥\.m2\repository\org\mongodb\mongodb-driver\3.0.4\mongodb-driver-3.0.4.jar;C:\Users\丹哥\.m2\repository\org\mongodb\bson\3.0.4\bson-3.0.4.jar;C:\Users\丹哥\.m2\repository\org\mongodb\mongodb-driver-core\3.0.4\mongodb-driver-core-3.0.4.jar;C:\Users\丹哥\.m2\repository\com\vimalselvam\testng-extentsreport\1.3.1\testng-extentsreport-1.3.1.jar;C:\Users\丹哥\.m2\repository\com\google\guava\guava\20.0\guava-20.0.jar;C:\Users\丹哥\.m2\repository\com\aventstack\extentreports\3.0.6\extentreports-3.0.6.jar;C:\Users\丹哥\.m2\repository\org\apache\logging\log4j\log4j-core\2.10.0\log4j-core-2.10.0.jar;C:\Users\丹哥\.m2\repository\org\apache\logging\log4j\log4j-api\2.10.0\log4j-api-2.10.0.jar;C:\Users\丹哥\.m2\repository\log4j\log4j\1.2.17\log4j-1.2.17.jar;C:\Users\丹哥\.m2\repository\org\slf4j\slf4j-log4j12\1.8.0-beta1\slf4j-log4j12-1.8.0-beta1.jar;C:\Users\丹哥\.m2\repository\jaxen\jaxen\1.1.1\jaxen-1.1.1.jar;C:\Users\丹哥\.m2\repository\jdom\jdom\1.0\jdom-1.0.jar;C:\Users\丹哥\.m2\repository\xml-apis\xml-apis\1.3.02\xml-apis-1.3.02.jar;C:\Users\丹哥\.m2\repository\xerces\xercesImpl\2.6.2\xercesImpl-2.6.2.jar;C:\Users\丹哥\.m2\repository\xom\xom\1.0\xom-1.0.jar;C:\Users\丹哥\.m2\repository\xerces\xmlParserAPIs\2.6.2\xmlParserAPIs-2.6.2.jar;C:\Users\丹哥\.m2\repository\xalan\xalan\2.6.0\xalan-2.6.0.jar;C:\Users\丹哥\.m2\repository\com\ibm\icu\icu4j\2.6.1\icu4j-2.6.1.jar;C:\Users\丹哥\.m2\repository\dom4j\dom4j\1.6.1\dom4j-1.6.1.jar;C:\Users\丹哥\.m2\repository\org\apache\maven\surefire\surefire-testng-utils\2.22.0\surefire-testng-utils-2.22.0.jar;C:\Users\丹哥\.m2\repository\org\apache\maven\surefire\surefire-grouper\2.22.0\surefire-grouper-2.22.0.jar;"/>
    <property name="sun.cpu.endian" value="little"/>
    <property name="user.home" value="C:\Users\丹哥"/>
    <property name="user.language" value="zh"/>
    <property name="java.specification.vendor" value="Oracle Corporation"/>
    <property name="java.home" value="D:\JDK1.8\jre"/>
    <property name="basedir" value="D:\GitHubProject\InterfaceAutomationFrames"/>
    <property name="file.separator" value="\"/>
    <property name="line.separator" value="&#10;"/>
    <property name="java.vm.specification.vendor" value="Oracle Corporation"/>
    <property name="java.specification.name" value="Java Platform API Specification"/>
    <property name="java.awt.graphicsenv" value="sun.awt.Win32GraphicsEnvironment"/>
    <property name="surefire.real.class.path" value="C:\Users\丹哥\AppData\Local\Temp\surefire5966865572630030686\surefirebooter3696630115776255822.jar"/>
    <property name="sun.boot.class.path" value="D:\JDK1.8\jre\lib\resources.jar;D:\JDK1.8\jre\lib\rt.jar;D:\JDK1.8\jre\lib\sunrsasign.jar;D:\JDK1.8\jre\lib\jsse.jar;D:\JDK1.8\jre\lib\jce.jar;D:\JDK1.8\jre\lib\charsets.jar;D:\JDK1.8\jre\lib\jfr.jar;D:\JDK1.8\jre\classes"/>
    <property name="user.script" value=""/>
    <property name="sun.management.compiler" value="HotSpot 64-Bit Tiered Compilers"/>
    <property name="java.runtime.version" value="1.8.0_40-ea-b02"/>
    <property name="user.name" value="丹哥"/>
    <property name="path.separator" value=";"/>
    <property name="os.version" value="6.3"/>
    <property name="java.endorsed.dirs" value="D:\JDK1.8\jre\lib\endorsed"/>
    <property name="java.runtime.name" value="Java(TM) SE Runtime Environment"/>
    <property name="file.encoding" value="GBK"/>
    <property name="java.vm.name" value="Java HotSpot(TM) 64-Bit Server VM"/>
    <property name="localRepository" value="C:\Users\丹哥\.m2\repository"/>
    <property name="java.vendor.url.bug" value="http://bugreport.sun.com/bugreport/"/>
    <property name="java.io.tmpdir" value="C:\Users\丹哥\AppData\Local\Temp\"/>
    <property name="java.version" value="1.8.0_40-ea"/>
    <property name="user.dir" value="D:\GitHubProject\InterfaceAutomationFrames"/>
    <property name="os.arch" value="amd64"/>
    <property name="java.vm.specification.name" value="Java Virtual Machine Specification"/>
    <property name="java.awt.printerjob" value="sun.awt.windows.WPrinterJob"/>
    <property name="sun.os.patch.level" value=""/>
    <property name="java.library.path" value="D:\JDK1.8\jre\bin;C:\WINDOWS\Sun\Java\bin;C:\WINDOWS\system32;C:\WINDOWS;C:\Program Files (x86)\Intel\iCLS Client\;C:\Program Files\Intel\iCLS Client\;C:\windows\system32;C:\windows;C:\windows\System32\Wbem;C:\windows\System32\WindowsPowerShell\v1.0\;C:\Program Files (x86)\Intel\Intel(R) Management Engine Components\DAL;C:\Program Files\Intel\Intel(R) Management Engine Components\DAL;C:\Program Files (x86)\Intel\Intel(R) Management Engine Components\IPT;C:\Program Files\Intel\Intel(R) Management Engine Components\IPT;C:\Program Files (x86)\NVIDIA Corporation\PhysX\Common;D:\Mozilla Firefox\firefox.exe;D:\JDK1.8\bin;D:\JDK1.8\jre\bin;D:\nodejs\;C:\Program Files\Intel\WiFi\bin\;C:\Program Files\Common Files\Intel\WirelessCommon\;G:\TortoiseSVN\bin;D:\Git\cmd;D:\mysql-5.7\bin;C:\WINDOWS\system32;C:\WINDOWS;C:\WINDOWS\System32\Wbem;C:\WINDOWS\System32\WindowsPowerShell\v1.0\;C:\WINDOWS\System32\OpenSSH\;C:\Windows\System32;D:\Idea\IntelliJ IDEA 2018.1.4\plugins\maven\lib\maven3\bin;D:\JDK1.8\bin;D:\JDK1.8\jre\bin;D:\apache-tomcat-9.0.10\bin;D:\apache-tomcat-9.0.10\lib;C:\Users\丹哥\AppData\Local\Microsoft\WindowsApps;C:\Users\丹哥\AppData\Roaming\npm;G:\Fiddler;%USERPROFILE%\AppData\Local\Microsoft\WindowsApps;;."/>
    <property name="java.vm.info" value="mixed mode"/>
    <property name="java.vendor" value="Oracle Corporation"/>
    <property name="java.vm.version" value="25.40-b05"/>
    <property name="java.ext.dirs" value="D:\JDK1.8\jre\lib\ext;C:\WINDOWS\Sun\Java\lib\ext"/>
    <property name="sun.io.unicode.encoding" value="UnicodeLittle"/>
    <property name="java.class.version" value="52.0"/>
  </properties>
  <testcase name="queryUserInfo" classname="com.cases.VicubeInterfaceCase175" time="0.177"/>
  <testcase name="DoLogin" classname="com.cases.VicubeInterfaceCase175" time="0.094"/>
  <testcase name="getFunctionsByUserId" classname="com.cases.VicubeInterfaceCase175" time="0.024"/>
  <testcase name="queryAllObjectsByUserId" classname="com.cases.VicubeInterfaceCase175" time="0.043"/>
  <testcase name="getUserViewsByType" classname="com.cases.VicubeInterfaceCase175" time="0.013"/>
  <testcase name="getMyViewEntriesNoContent" classname="com.cases.VicubeInterfaceCase175" time="0.014"/>
  <testcase name="queryGroupInfoLike" classname="com.cases.VicubeInterfaceCase175" time="0.012"/>
  <testcase name="getAllDomains" classname="com.cases.VicubeInterfaceCase175" time="0.052"/>
  <testcase name="createGroup" classname="com.cases.VicubeInterfaceCase175" time="0.012"/>
  <testcase name="addView" classname="com.cases.VicubeInterfaceCase175" time="0.018"/>
  <testcase name="grantObjects2Group" classname="com.cases.VicubeInterfaceCase175" time="0.037"/>
  <testcase name="queryGroupInfo" classname="com.cases.VicubeInterfaceCase175" time="0.023"/>
  <testcase name="queryUsersByGroupId" classname="com.cases.VicubeInterfaceCase175" time="0.009"/>
  <testcase name="grantUsers2Group" classname="com.cases.VicubeInterfaceCase175" time="0.013"/>
  <testcase name="disableGroup" classname="com.cases.VicubeInterfaceCase175" time="0.012"/>
  <testcase name="getViewsExcludeKpiAndDeskTop" classname="com.cases.VicubeInterfaceCase175" time="0.96"/>
  <testcase name="deleteGroup" classname="com.cases.VicubeInterfaceCase175" time="0.022"/>
  <testcase name="getAllFunctions" classname="com.cases.VicubeInterfaceCase175" time="0.025"/>
  <testcase name="findByModelName" classname="com.cases.VicubeInterfaceCase175" time="0.045"/>
  <testcase name="queryObjectsByGroupId" classname="com.cases.VicubeInterfaceCase175" time="0.067"/>
  <testcase name="grantMenuAmoduleAview2User" classname="com.cases.VicubeInterfaceCase175" time="0.022"/>
  <testcase name="grantObjectsDomain" classname="com.cases.VicubeInterfaceCase175" time="0.016"/>
  <testcase name="queryUserInfo2" classname="com.cases.VicubeInterfaceCase175" time="0.012"/>
  <testcase name="queryAuditInfo" classname="com.cases.VicubeInterfaceCase175" time="0.139"/>
  <testcase name="insertBaseLinePolicy" classname="com.cases.VicubeInterfaceCase175" time="0.011"/>
  <testcase name="getBaseLinePolicyList" classname="com.cases.VicubeInterfaceCase175" time="0.012"/>
  <testcase name="updateBaseLinePolicy" classname="com.cases.VicubeInterfaceCase175" time="0.015"/>
  <testcase name="cleanBaseLinePolicy" classname="com.cases.VicubeInterfaceCase175" time="0.01"/>
  <testcase name="queryWarningRuleList" classname="com.cases.VicubeInterfaceCase175" time="0.047"/>
  <testcase name="getAllTypeNodes" classname="com.cases.VicubeInterfaceCase175" time="0.076"/>
  <testcase name="getAllMyNodesByTypeName" classname="com.cases.VicubeInterfaceCase175" time="0.811"/>
  <testcase name="getBaseLineDefList" classname="com.cases.VicubeInterfaceCase175" time="0.05"/>
  <testcase name="getKpiItemList" classname="com.cases.VicubeInterfaceCase175" time="0.023"/>
  <testcase name="getOneWarningRule" classname="com.cases.VicubeInterfaceCase175" time="0.01"/>
  <testcase name="checkBaseLineDef" classname="com.cases.VicubeInterfaceCase175" time="0.008"/>
  <testcase name="insertBaseLineDef" classname="com.cases.VicubeInterfaceCase175" time="0.024"/>
  <testcase name="updateBaseLineCalendarByBatch" classname="com.cases.VicubeInterfaceCase175" time="0.01"/>
  <testcase name="getBaseLineCalendarList" classname="com.cases.VicubeInterfaceCase175" time="0.016"/>
  <testcase name="cleanBaseLineDef" classname="com.cases.VicubeInterfaceCase175" time="0.008"/>
  <testcase name="findModelTree" classname="com.cases.VicubeInterfaceCase175" time="0.128"/>
  <testcase name="getEnums" classname="com.cases.VicubeInterfaceCase175" time="0.005"/>
  <testcase name="findInstanceByModelSortOrder" classname="com.cases.VicubeInterfaceCase175" time="0.009"/>
  <testcase name="find" classname="com.cases.VicubeInterfaceCase175" time="0.017"/>
  <testcase name="getAllDicts" classname="com.cases.VicubeInterfaceCase175" time="0.016"/>
  <testcase name="queryByFilter" classname="com.cases.VicubeInterfaceCase175" time="0.045"/>
  <testcase name="findAll" classname="com.cases.VicubeInterfaceCase175" time="6.802"/>
  <testcase name="findSelectTree" classname="com.cases.VicubeInterfaceCase175" time="0.103"/>
  <testcase name="queryByFilter2" classname="com.cases.VicubeInterfaceCase175" time="0.011"/>
  <testcase name="findByOperationTypeAndModelName" classname="com.cases.VicubeInterfaceCase175" time="0.005"/>
  <testcase name="findList" classname="com.cases.VicubeInterfaceCase175" time="0.006"/>
  <testcase name="add" classname="com.cases.VicubeInterfaceCase175" time="0.456"/>
  <testcase name="findByNameNotBuiltInAttr" classname="com.cases.VicubeInterfaceCase175" time="0.011"/>
  <testcase name="update" classname="com.cases.VicubeInterfaceCase175" time="0.471"/>
  <testcase name="remove" classname="com.cases.VicubeInterfaceCase175" time="0.489"/>
  <testcase name="relationAttributeServiceAdd" classname="com.cases.VicubeInterfaceCase175" time="0.046">
    <failure message="请求失败" type="java.lang.RuntimeException">java.lang.RuntimeException: 请求失败
	at com.cases.VicubeInterfaceCase175.relationAttributeServiceAdd(VicubeInterfaceCase175.java:486)
</failure>
    <system-out><![CDATA[2018-59-16 10:08:341 com.utils.LogFunction : 2018-08-16 10:59:52:Post请求URL:http://192.168.20.175:48080/urmp/api/rest/post/relationAttributeService/add
2018-59-16 10:08:342 com.utils.LogFunction : 2018-08-16 10:59:52:entity:[Content-Type: text/plain; charset=UTF-8,Content-Length: 288,Chunked: false]
2018-59-16 10:08:374 com.utils.LogFunction : 2018-08-16 10:59:52:请求失败:statusCode = 400
]]></system-out>
  </testcase>
  <testcase name="findById" classname="com.cases.VicubeInterfaceCase175" time="0.002">
    <failure message="Source string may not be null" type="java.lang.IllegalArgumentException">java.lang.IllegalArgumentException: Source string may not be null
	at com.cases.VicubeInterfaceCase175.findById(VicubeInterfaceCase175.java:496)
</failure>
    <system-out><![CDATA[2018-59-16 10:08:391 com.utils.LogFunction : 2018-08-16 10:59:52:Post请求URL:http://192.168.20.175:48080/urmp/api/rest/post/relationAttributeService/findById
]]></system-out>
  </testcase>
  <testcase name="removeBatch" classname="com.cases.VicubeInterfaceCase175" time="0.029"/>
  <testcase name="instanceHistoryServiceFind" classname="com.cases.VicubeInterfaceCase175" time="0.006"/>
  <testcase name="queryFilterByColorAdmin" classname="com.cases.VicubeInterfaceCase175" time="0.006"/>
  <testcase name="getDefulateValue" classname="com.cases.VicubeInterfaceCase175" time="0.01"/>
  <testcase name="queryInstanceByRelationPage" classname="com.cases.VicubeInterfaceCase175" time="0.122"/>
  <testcase name="validation" classname="com.cases.VicubeInterfaceCase175" time="0.006"/>
  <testcase name="instanceServiceAdd" classname="com.cases.VicubeInterfaceCase175" time="1.093"/>
  <testcase name="findByName" classname="com.cases.VicubeInterfaceCase175" time="0.012"/>
  <testcase name="findBySourceOrTarget_Label" classname="com.cases.VicubeInterfaceCase175" time="0.01"/>
  <testcase name="findBySourceOrTarget" classname="com.cases.VicubeInterfaceCase175" time="0.009"/>
  <testcase name="checkInstanceHasRelation" classname="com.cases.VicubeInterfaceCase175" time="0.006"/>
  <testcase name="instanceServiceUpdate" classname="com.cases.VicubeInterfaceCase175" time="0.721"/>
  <testcase name="checkRelation" classname="com.cases.VicubeInterfaceCase175" time="1.586"/>
  <testcase name="instanceServiceRemove" classname="com.cases.VicubeInterfaceCase175" time="0.327"/>
  <testcase name="waitForConfirmationCount" classname="com.cases.VicubeInterfaceCase175" time="0.011"/>
  <testcase name="confirmationedCount" classname="com.cases.VicubeInterfaceCase175" time="0.017"/>
  <testcase name="getWaitForConfirmationList" classname="com.cases.VicubeInterfaceCase175" time="0.005"/>
  <testcase name="getConfirmationedList" classname="com.cases.VicubeInterfaceCase175" time="0.007"/>
  <testcase name="getUrmpTreeByKeyFilter" classname="com.cases.VicubeInterfaceCase175" time="1.954"/>
  <testcase name="statisticAlertCountByStateCache" classname="com.cases.VicubeInterfaceCase175" time="0.036"/>
  <testcase name="queryIncidentType" classname="com.cases.VicubeInterfaceCase175" time="0.016"/>
  <testcase name="queryFullUserInfo" classname="com.cases.VicubeInterfaceCase175" time="0.461"/>
  <testcase name="getForwardTypeMap" classname="com.cases.VicubeInterfaceCase175" time="0.039"/>
  <testcase name="getGlobalModule" classname="com.cases.VicubeInterfaceCase175" time="0.014"/>
  <testcase name="countAlertFromCacheForHtmlData" classname="com.cases.VicubeInterfaceCase175" time="0.016"/>
  <testcase name="queryAlertFromCacheForHtmlData" classname="com.cases.VicubeInterfaceCase175" time="0.767"/>
  <testcase name="sendAlertClaimAction" classname="com.cases.VicubeInterfaceCase175" time="0.046"/>
  <testcase name="sendForwordAction" classname="com.cases.VicubeInterfaceCase175" time="0.021"/>
  <testcase name="sendAlertRecoverAction" classname="com.cases.VicubeInterfaceCase175" time="0.024"/>
  <testcase name="getNodeByName" classname="com.cases.VicubeInterfaceCase175" time="0.784"/>
  <testcase name="queryEvent" classname="com.cases.VicubeInterfaceCase175" time="0.02"/>
  <testcase name="queryActionLog" classname="com.cases.VicubeInterfaceCase175" time="0.014"/>
  <testcase name="getRelatedAlerts" classname="com.cases.VicubeInterfaceCase175" time="0.022"/>
  <testcase name="instanceServiceFindById" classname="com.cases.VicubeInterfaceCase175" time="0.013"/>
</testsuite>