<?xml version="1.0" encoding="UTF-8"?>
<testsuite xmlns:xsi="http://www.w3.org/2001/XMLSchema-instance" xsi:noNamespaceSchemaLocation="https://maven.apache.org/surefire/maven-surefire-plugin/xsd/surefire-test-report.xsd" name="TestSuite" time="25.972" tests="105" errors="0" skipped="0" failures="0">
  <properties>
    <property name="sun.desktop" value="windows"/>
    <property name="awt.toolkit" value="sun.awt.windows.WToolkit"/>
    <property name="file.encoding.pkg" value="sun.io"/>
    <property name="java.specification.version" value="1.8"/>
    <property name="sun.cpu.isalist" value="amd64"/>
    <property name="sun.jnu.encoding" value="GBK"/>
    <property name="java.class.path" value="D:\GitHubProject\InterfaceAutomationFrames\target\test-classes;D:\GitHubProject\InterfaceAutomationFrames\target\classes;C:\Users\丹哥\.m2\repository\com\jayway\jsonpath\json-path-assert\2.2.0\json-path-assert-2.2.0.jar;C:\Users\丹哥\.m2\repository\com\jayway\jsonpath\json-path\2.2.0\json-path-2.2.0.jar;C:\Users\丹哥\.m2\repository\net\minidev\json-smart\2.2.1\json-smart-2.2.1.jar;C:\Users\丹哥\.m2\repository\net\minidev\accessors-smart\1.1\accessors-smart-1.1.jar;C:\Users\丹哥\.m2\repository\org\ow2\asm\asm\5.0.3\asm-5.0.3.jar;C:\Users\丹哥\.m2\repository\org\hamcrest\hamcrest-core\1.3\hamcrest-core-1.3.jar;C:\Users\丹哥\.m2\repository\org\hamcrest\hamcrest-library\1.3\hamcrest-library-1.3.jar;C:\Users\丹哥\.m2\repository\org\slf4j\slf4j-api\1.7.16\slf4j-api-1.7.16.jar;C:\Users\丹哥\.m2\repository\com\alibaba\fastjson\1.2.28\fastjson-1.2.28.jar;C:\Users\丹哥\.m2\repository\org\apache\httpcomponents\httpmime\4.5\httpmime-4.5.jar;C:\Users\丹哥\.m2\repository\org\apache\httpcomponents\httpclient\4.5\httpclient-4.5.jar;C:\Users\丹哥\.m2\repository\org\apache\httpcomponents\httpcore\4.4.6\httpcore-4.4.6.jar;C:\Users\丹哥\.m2\repository\org\apache\httpcomponents\httpclient-cache\4.5\httpclient-cache-4.5.jar;C:\Users\丹哥\.m2\repository\commons-logging\commons-logging\1.1.1\commons-logging-1.1.1.jar;C:\Users\丹哥\.m2\repository\commons-codec\commons-codec\1.4\commons-codec-1.4.jar;C:\Users\丹哥\.m2\repository\commons-httpclient\commons-httpclient\3.0.1\commons-httpclient-3.0.1.jar;C:\Users\丹哥\.m2\repository\junit\junit\3.8.1\junit-3.8.1.jar;C:\Users\丹哥\.m2\repository\net\sourceforge\jexcelapi\jxl\2.6.12\jxl-2.6.12.jar;C:\Users\丹哥\.m2\repository\javax\mail\mail\1.4.7\mail-1.4.7.jar;C:\Users\丹哥\.m2\repository\javax\activation\activation\1.1\activation-1.1.jar;C:\Users\丹哥\.m2\repository\org\testng\testng\6.14.3\testng-6.14.3.jar;C:\Users\丹哥\.m2\repository\com\beust\jcommander\1.72\jcommander-1.72.jar;C:\Users\丹哥\.m2\repository\org\apache-extras\beanshell\bsh\2.0b6\bsh-2.0b6.jar;C:\Users\丹哥\.m2\repository\org\json\json\20170516\json-20170516.jar;C:\Users\丹哥\.m2\repository\org\mybatis\mybatis\3.4.4\mybatis-3.4.4.jar;C:\Users\丹哥\.m2\repository\com\relevantcodes\extentreports\2.41.1\extentreports-2.41.1.jar;C:\Users\丹哥\.m2\repository\org\jsoup\jsoup\1.8.3\jsoup-1.8.3.jar;C:\Users\丹哥\.m2\repository\org\xerial\sqlite-jdbc\3.8.11.1\sqlite-jdbc-3.8.11.1.jar;C:\Users\丹哥\.m2\repository\org\freemarker\freemarker\2.3.23\freemarker-2.3.23.jar;C:\Users\丹哥\.m2\repository\org\mongodb\mongodb-driver\3.0.4\mongodb-driver-3.0.4.jar;C:\Users\丹哥\.m2\repository\org\mongodb\bson\3.0.4\bson-3.0.4.jar;C:\Users\丹哥\.m2\repository\org\mongodb\mongodb-driver-core\3.0.4\mongodb-driver-core-3.0.4.jar;C:\Users\丹哥\.m2\repository\com\vimalselvam\testng-extentsreport\1.3.1\testng-extentsreport-1.3.1.jar;C:\Users\丹哥\.m2\repository\com\google\guava\guava\20.0\guava-20.0.jar;C:\Users\丹哥\.m2\repository\com\aventstack\extentreports\3.0.6\extentreports-3.0.6.jar;C:\Users\丹哥\.m2\repository\org\apache\logging\log4j\log4j-core\2.10.0\log4j-core-2.10.0.jar;C:\Users\丹哥\.m2\repository\org\apache\logging\log4j\log4j-api\2.10.0\log4j-api-2.10.0.jar;C:\Users\丹哥\.m2\repository\log4j\log4j\1.2.17\log4j-1.2.17.jar;C:\Users\丹哥\.m2\repository\org\slf4j\slf4j-log4j12\1.8.0-beta1\slf4j-log4j12-1.8.0-beta1.jar;C:\Users\丹哥\.m2\repository\jaxen\jaxen\1.1.1\jaxen-1.1.1.jar;C:\Users\丹哥\.m2\repository\jdom\jdom\1.0\jdom-1.0.jar;C:\Users\丹哥\.m2\repository\xml-apis\xml-apis\1.3.02\xml-apis-1.3.02.jar;C:\Users\丹哥\.m2\repository\xerces\xercesImpl\2.6.2\xercesImpl-2.6.2.jar;C:\Users\丹哥\.m2\repository\xom\xom\1.0\xom-1.0.jar;C:\Users\丹哥\.m2\repository\xerces\xmlParserAPIs\2.6.2\xmlParserAPIs-2.6.2.jar;C:\Users\丹哥\.m2\repository\xalan\xalan\2.6.0\xalan-2.6.0.jar;C:\Users\丹哥\.m2\repository\com\ibm\icu\icu4j\2.6.1\icu4j-2.6.1.jar;C:\Users\丹哥\.m2\repository\dom4j\dom4j\1.6.1\dom4j-1.6.1.jar;C:\Users\丹哥\.m2\repository\org\apache\maven\surefire\surefire-testng-utils\2.22.0\surefire-testng-utils-2.22.0.jar;C:\Users\丹哥\.m2\repository\org\apache\maven\surefire\surefire-grouper\2.22.0\surefire-grouper-2.22.0.jar;"/>
    <property name="java.vm.vendor" value="Oracle Corporation"/>
    <property name="sun.arch.data.model" value="64"/>
    <property name="user.variant" value=""/>
    <property name="java.vendor.url" value="http://java.oracle.com/"/>
    <property name="user.timezone" value="Asia/Shanghai"/>
    <property name="java.vm.specification.version" value="1.8"/>
    <property name="os.name" value="Windows 10"/>
    <property name="user.country" value="CN"/>
    <property name="sun.java.launcher" value="SUN_STANDARD"/>
    <property name="sun.boot.library.path" value="D:\JDK1.8\jre\bin"/>
    <property name="sun.java.command" value="C:\Users\丹哥\AppData\Local\Temp\surefire3686116079327040753\surefirebooter7347257198746380535.jar C:\Users\丹哥\AppData\Local\Temp\surefire3686116079327040753 2018-08-21T15-48-39_384-jvmRun1 surefire6469035382446880853tmp surefire_07969293306660868744tmp"/>
    <property name="surefire.test.class.path" value="D:\GitHubProject\InterfaceAutomationFrames\target\test-classes;D:\GitHubProject\InterfaceAutomationFrames\target\classes;C:\Users\丹哥\.m2\repository\com\jayway\jsonpath\json-path-assert\2.2.0\json-path-assert-2.2.0.jar;C:\Users\丹哥\.m2\repository\com\jayway\jsonpath\json-path\2.2.0\json-path-2.2.0.jar;C:\Users\丹哥\.m2\repository\net\minidev\json-smart\2.2.1\json-smart-2.2.1.jar;C:\Users\丹哥\.m2\repository\net\minidev\accessors-smart\1.1\accessors-smart-1.1.jar;C:\Users\丹哥\.m2\repository\org\ow2\asm\asm\5.0.3\asm-5.0.3.jar;C:\Users\丹哥\.m2\repository\org\hamcrest\hamcrest-core\1.3\hamcrest-core-1.3.jar;C:\Users\丹哥\.m2\repository\org\hamcrest\hamcrest-library\1.3\hamcrest-library-1.3.jar;C:\Users\丹哥\.m2\repository\org\slf4j\slf4j-api\1.7.16\slf4j-api-1.7.16.jar;C:\Users\丹哥\.m2\repository\com\alibaba\fastjson\1.2.28\fastjson-1.2.28.jar;C:\Users\丹哥\.m2\repository\org\apache\httpcomponents\httpmime\4.5\httpmime-4.5.jar;C:\Users\丹哥\.m2\repository\org\apache\httpcomponents\httpclient\4.5\httpclient-4.5.jar;C:\Users\丹哥\.m2\repository\org\apache\httpcomponents\httpcore\4.4.6\httpcore-4.4.6.jar;C:\Users\丹哥\.m2\repository\org\apache\httpcomponents\httpclient-cache\4.5\httpclient-cache-4.5.jar;C:\Users\丹哥\.m2\repository\commons-logging\commons-logging\1.1.1\commons-logging-1.1.1.jar;C:\Users\丹哥\.m2\repository\commons-codec\commons-codec\1.4\commons-codec-1.4.jar;C:\Users\丹哥\.m2\repository\commons-httpclient\commons-httpclient\3.0.1\commons-httpclient-3.0.1.jar;C:\Users\丹哥\.m2\repository\junit\junit\3.8.1\junit-3.8.1.jar;C:\Users\丹哥\.m2\repository\net\sourceforge\jexcelapi\jxl\2.6.12\jxl-2.6.12.jar;C:\Users\丹哥\.m2\repository\javax\mail\mail\1.4.7\mail-1.4.7.jar;C:\Users\丹哥\.m2\repository\javax\activation\activation\1.1\activation-1.1.jar;C:\Users\丹哥\.m2\repository\org\testng\testng\6.14.3\testng-6.14.3.jar;C:\Users\丹哥\.m2\repository\com\beust\jcommander\1.72\jcommander-1.72.jar;C:\Users\丹哥\.m2\repository\org\apache-extras\beanshell\bsh\2.0b6\bsh-2.0b6.jar;C:\Users\丹哥\.m2\repository\org\json\json\20170516\json-20170516.jar;C:\Users\丹哥\.m2\repository\org\mybatis\mybatis\3.4.4\mybatis-3.4.4.jar;C:\Users\丹哥\.m2\repository\com\relevantcodes\extentreports\2.41.1\extentreports-2.41.1.jar;C:\Users\丹哥\.m2\repository\org\jsoup\jsoup\1.8.3\jsoup-1.8.3.jar;C:\Users\丹哥\.m2\repository\org\xerial\sqlite-jdbc\3.8.11.1\sqlite-jdbc-3.8.11.1.jar;C:\Users\丹哥\.m2\repository\org\freemarker\freemarker\2.3.23\freemarker-2.3.23.jar;C:\Users\丹哥\.m2\repository\org\mongodb\mongodb-driver\3.0.4\mongodb-driver-3.0.4.jar;C:\Users\丹哥\.m2\repository\org\mongodb\bson\3.0.4\bson-3.0.4.jar;C:\Users\丹哥\.m2\repository\org\mongodb\mongodb-driver-core\3.0.4\mongodb-driver-core-3.0.4.jar;C:\Users\丹哥\.m2\repository\com\vimalselvam\testng-extentsreport\1.3.1\testng-extentsreport-1.3.1.jar;C:\Users\丹哥\.m2\repository\com\google\guava\guava\20.0\guava-20.0.jar;C:\Users\丹哥\.m2\repository\com\aventstack\extentreports\3.0.6\extentreports-3.0.6.jar;C:\Users\丹哥\.m2\repository\org\apache\logging\log4j\log4j-core\2.10.0\log4j-core-2.10.0.jar;C:\Users\丹哥\.m2\repository\org\apache\logging\log4j\log4j-api\2.10.0\log4j-api-2.10.0.jar;C:\Users\丹哥\.m2\repository\log4j\log4j\1.2.17\log4j-1.2.17.jar;C:\Users\丹哥\.m2\repository\org\slf4j\slf4j-log4j12\1.8.0-beta1\slf4j-log4j12-1.8.0-beta1.jar;C:\Users\丹哥\.m2\repository\jaxen\jaxen\1.1.1\jaxen-1.1.1.jar;C:\Users\丹哥\.m2\repository\jdom\jdom\1.0\jdom-1.0.jar;C:\Users\丹哥\.m2\repository\xml-apis\xml-apis\1.3.02\xml-apis-1.3.02.jar;C:\Users\丹哥\.m2\repository\xerces\xercesImpl\2.6.2\xercesImpl-2.6.2.jar;C:\Users\丹哥\.m2\repository\xom\xom\1.0\xom-1.0.jar;C:\Users\丹哥\.m2\repository\xerces\xmlParserAPIs\2.6.2\xmlParserAPIs-2.6.2.jar;C:\Users\丹哥\.m2\repository\xalan\xalan\2.6.0\xalan-2.6.0.jar;C:\Users\丹哥\.m2\repository\com\ibm\icu\icu4j\2.6.1\icu4j-2.6.1.jar;C:\Users\丹哥\.m2\repository\dom4j\dom4j\1.6.1\dom4j-1.6.1.jar;C:\Users\丹哥\.m2\repository\org\apache\maven\surefire\surefire-testng-utils\2.22.0\surefire-testng-utils-2.22.0.jar;C:\Users\丹哥\.m2\repository\org\apache\maven\surefire\surefire-grouper\2.22.0\surefire-grouper-2.22.0.jar;"/>
    <property name="sun.cpu.endian" value="little"/>
    <property name="user.home" value="C:\Users\丹哥"/>
    <property name="user.language" value="zh"/>
    <property name="java.specification.vendor" value="Oracle Corporation"/>
    <property name="java.home" value="D:\JDK1.8\jre"/>
    <property name="basedir" value="D:\GitHubProject\InterfaceAutomationFrames"/>
    <property name="file.separator" value="\"/>
    <property name="line.separator" value="&#10;"/>
    <property name="java.vm.specification.vendor" value="Oracle Corporation"/>
    <property name="java.specification.name" value="Java Platform API Specification"/>
    <property name="java.awt.graphicsenv" value="sun.awt.Win32GraphicsEnvironment"/>
    <property name="surefire.real.class.path" value="C:\Users\丹哥\AppData\Local\Temp\surefire3686116079327040753\surefirebooter7347257198746380535.jar"/>
    <property name="sun.boot.class.path" value="D:\JDK1.8\jre\lib\resources.jar;D:\JDK1.8\jre\lib\rt.jar;D:\JDK1.8\jre\lib\sunrsasign.jar;D:\JDK1.8\jre\lib\jsse.jar;D:\JDK1.8\jre\lib\jce.jar;D:\JDK1.8\jre\lib\charsets.jar;D:\JDK1.8\jre\lib\jfr.jar;D:\JDK1.8\jre\classes"/>
    <property name="user.script" value=""/>
    <property name="sun.management.compiler" value="HotSpot 64-Bit Tiered Compilers"/>
    <property name="java.runtime.version" value="1.8.0_181-b13"/>
    <property name="user.name" value="丹哥"/>
    <property name="path.separator" value=";"/>
    <property name="os.version" value="10.0"/>
    <property name="java.endorsed.dirs" value="D:\JDK1.8\jre\lib\endorsed"/>
    <property name="java.runtime.name" value="Java(TM) SE Runtime Environment"/>
    <property name="file.encoding" value="GBK"/>
    <property name="java.vm.name" value="Java HotSpot(TM) 64-Bit Server VM"/>
    <property name="localRepository" value="C:\Users\丹哥\.m2\repository"/>
    <property name="java.vendor.url.bug" value="http://bugreport.sun.com/bugreport/"/>
    <property name="java.io.tmpdir" value="C:\Users\丹哥\AppData\Local\Temp\"/>
    <property name="java.version" value="1.8.0_181"/>
    <property name="user.dir" value="D:\GitHubProject\InterfaceAutomationFrames"/>
    <property name="os.arch" value="amd64"/>
    <property name="java.vm.specification.name" value="Java Virtual Machine Specification"/>
    <property name="java.awt.printerjob" value="sun.awt.windows.WPrinterJob"/>
    <property name="sun.os.patch.level" value=""/>
    <property name="java.library.path" value="D:\JDK1.8\jre\bin;C:\WINDOWS\Sun\Java\bin;C:\WINDOWS\system32;C:\WINDOWS;C:\Program Files (x86)\Common Files\Oracle\Java\javapath;C:\Program Files (x86)\Intel\iCLS Client\;C:\Program Files\Intel\iCLS Client\;C:\windows\system32;C:\windows;C:\windows\System32\Wbem;C:\windows\System32\WindowsPowerShell\v1.0\;C:\Program Files (x86)\Intel\Intel(R) Management Engine Components\DAL;C:\Program Files\Intel\Intel(R) Management Engine Components\DAL;C:\Program Files (x86)\Intel\Intel(R) Management Engine Components\IPT;C:\Program Files\Intel\Intel(R) Management Engine Components\IPT;C:\Program Files (x86)\NVIDIA Corporation\PhysX\Common;C:\Program Files\Intel\WiFi\bin\;C:\Program Files\Common Files\Intel\WirelessCommon\;C:\WINDOWS\system32;C:\WINDOWS;C:\WINDOWS\System32\Wbem;C:\WINDOWS\System32\WindowsPowerShell\v1.0\;C:\WINDOWS\System32\OpenSSH\;D:\Idea\IntelliJ IDEA 2018.1.4\plugins\maven\lib\maven3\bin;&quot;C:\WINDOWS\system32;C:\WINDOWS;C:\WINDOWS\System32\Wbem;&quot;;C:\Users\丹哥\AppData\Local\Microsoft\WindowsApps;;."/>
    <property name="java.vm.info" value="mixed mode"/>
    <property name="java.vendor" value="Oracle Corporation"/>
    <property name="java.vm.version" value="25.181-b13"/>
    <property name="java.ext.dirs" value="D:\JDK1.8\jre\lib\ext;C:\WINDOWS\Sun\Java\lib\ext"/>
    <property name="sun.io.unicode.encoding" value="UnicodeLittle"/>
    <property name="java.class.version" value="52.0"/>
  </properties>
  <testcase name="queryUserInfo" classname="com.cases.VicubeInterfaceCase175" time="0.213"/>
  <testcase name="DoLogin" classname="com.cases.VicubeInterfaceCase175" time="0.086"/>
  <testcase name="getFunctionsByUserId" classname="com.cases.VicubeInterfaceCase175" time="0.021"/>
  <testcase name="queryAllObjectsByUserId" classname="com.cases.VicubeInterfaceCase175" time="0.045"/>
  <testcase name="getUserViewsByType" classname="com.cases.VicubeInterfaceCase175" time="0.026"/>
  <testcase name="getMyViewEntriesNoContent" classname="com.cases.VicubeInterfaceCase175" time="0.023"/>
  <testcase name="queryGroupInfoLike" classname="com.cases.VicubeInterfaceCase175" time="0.013"/>
  <testcase name="getAllDomains" classname="com.cases.VicubeInterfaceCase175" time="0.026"/>
  <testcase name="createGroup" classname="com.cases.VicubeInterfaceCase175" time="0.014"/>
  <testcase name="addView" classname="com.cases.VicubeInterfaceCase175" time="0.017"/>
  <testcase name="grantObjects2Group" classname="com.cases.VicubeInterfaceCase175" time="0.012"/>
  <testcase name="queryGroupInfo" classname="com.cases.VicubeInterfaceCase175" time="0.01"/>
  <testcase name="queryUsersByGroupId" classname="com.cases.VicubeInterfaceCase175" time="0.013"/>
  <testcase name="grantUsers2Group" classname="com.cases.VicubeInterfaceCase175" time="0.027"/>
  <testcase name="disableGroup" classname="com.cases.VicubeInterfaceCase175" time="0.05"/>
  <testcase name="getViewsExcludeKpiAndDeskTop" classname="com.cases.VicubeInterfaceCase175" time="1.121"/>
  <testcase name="deleteGroup" classname="com.cases.VicubeInterfaceCase175" time="0.015"/>
  <testcase name="getAllFunctions" classname="com.cases.VicubeInterfaceCase175" time="0.013"/>
  <testcase name="findByModelName" classname="com.cases.VicubeInterfaceCase175" time="0.004"/>
  <testcase name="queryObjectsByGroupId" classname="com.cases.VicubeInterfaceCase175" time="0.062"/>
  <testcase name="grantMenuAmoduleAview2User" classname="com.cases.VicubeInterfaceCase175" time="0.102"/>
  <testcase name="grantObjectsDomain" classname="com.cases.VicubeInterfaceCase175" time="0.012"/>
  <testcase name="queryUserInfo2" classname="com.cases.VicubeInterfaceCase175" time="0.002"/>
  <testcase name="queryAuditInfo" classname="com.cases.VicubeInterfaceCase175" time="0.045"/>
  <testcase name="insertBaseLinePolicy" classname="com.cases.VicubeInterfaceCase175" time="0.028"/>
  <testcase name="getBaseLinePolicyList" classname="com.cases.VicubeInterfaceCase175" time="0.003"/>
  <testcase name="updateBaseLinePolicy" classname="com.cases.VicubeInterfaceCase175" time="0.013"/>
  <testcase name="cleanBaseLinePolicy" classname="com.cases.VicubeInterfaceCase175" time="0.047"/>
  <testcase name="queryWarningRuleList" classname="com.cases.VicubeInterfaceCase175" time="0.004"/>
  <testcase name="getAllTypeNodes" classname="com.cases.VicubeInterfaceCase175" time="0.086"/>
  <testcase name="getAllMyNodesByTypeName" classname="com.cases.VicubeInterfaceCase175" time="11.944"/>
  <testcase name="getBaseLineDefList" classname="com.cases.VicubeInterfaceCase175" time="0.058"/>
  <testcase name="getKpiItemList" classname="com.cases.VicubeInterfaceCase175" time="0.018"/>
  <testcase name="getOneWarningRule" classname="com.cases.VicubeInterfaceCase175" time="0.064"/>
  <testcase name="checkBaseLineDef" classname="com.cases.VicubeInterfaceCase175" time="0.01"/>
  <testcase name="insertBaseLineDef" classname="com.cases.VicubeInterfaceCase175" time="0.017"/>
  <testcase name="updateBaseLineCalendarByBatch" classname="com.cases.VicubeInterfaceCase175" time="0.011"/>
  <testcase name="getBaseLineCalendarList" classname="com.cases.VicubeInterfaceCase175" time="0.036"/>
  <testcase name="cleanBaseLineDef" classname="com.cases.VicubeInterfaceCase175" time="0.048"/>
  <testcase name="findModelTree" classname="com.cases.VicubeInterfaceCase175" time="0.213"/>
  <testcase name="getEnums" classname="com.cases.VicubeInterfaceCase175" time="0.071"/>
  <testcase name="findInstanceByModelSortOrder" classname="com.cases.VicubeInterfaceCase175" time="0.002"/>
  <testcase name="find" classname="com.cases.VicubeInterfaceCase175" time="0.003"/>
  <testcase name="getAllDicts" classname="com.cases.VicubeInterfaceCase175" time="0.004"/>
  <testcase name="queryByFilter" classname="com.cases.VicubeInterfaceCase175" time="0.001"/>
  <testcase name="findAll" classname="com.cases.VicubeInterfaceCase175" time="0.334"/>
  <testcase name="findSelectTree" classname="com.cases.VicubeInterfaceCase175" time="0.1"/>
  <testcase name="queryByFilter2" classname="com.cases.VicubeInterfaceCase175" time="0.014"/>
  <testcase name="findByOperationTypeAndModelName" classname="com.cases.VicubeInterfaceCase175" time="0.012"/>
  <testcase name="findList" classname="com.cases.VicubeInterfaceCase175" time="0.015"/>
  <testcase name="add" classname="com.cases.VicubeInterfaceCase175" time="0.284"/>
  <testcase name="findByNameNotBuiltInAttr" classname="com.cases.VicubeInterfaceCase175" time="0.016"/>
  <testcase name="update" classname="com.cases.VicubeInterfaceCase175" time="0.651"/>
  <testcase name="remove" classname="com.cases.VicubeInterfaceCase175" time="0.26"/>
  <testcase name="relationAttributeServiceAdd" classname="com.cases.VicubeInterfaceCase175" time="0.591"/>
  <testcase name="findById" classname="com.cases.VicubeInterfaceCase175" time="0.009"/>
  <testcase name="removeBatch" classname="com.cases.VicubeInterfaceCase175" time="0.014"/>
  <testcase name="instanceHistoryServiceFind" classname="com.cases.VicubeInterfaceCase175" time="0.002"/>
  <testcase name="queryFilterByColorAdmin" classname="com.cases.VicubeInterfaceCase175" time="0.01"/>
  <testcase name="getDefulateValue" classname="com.cases.VicubeInterfaceCase175" time="0.013"/>
  <testcase name="queryInstanceByRelationPage" classname="com.cases.VicubeInterfaceCase175" time="0.05"/>
  <testcase name="validation" classname="com.cases.VicubeInterfaceCase175" time="0.011"/>
  <testcase name="instanceServiceAdd" classname="com.cases.VicubeInterfaceCase175" time="0.339"/>
  <testcase name="findByName" classname="com.cases.VicubeInterfaceCase175" time="0.041"/>
  <testcase name="findBySourceOrTarget_Label" classname="com.cases.VicubeInterfaceCase175" time="0.008"/>
  <testcase name="findBySourceOrTarget" classname="com.cases.VicubeInterfaceCase175" time="0.002"/>
  <testcase name="checkInstanceHasRelation" classname="com.cases.VicubeInterfaceCase175" time="0.015"/>
  <testcase name="instanceServiceUpdate" classname="com.cases.VicubeInterfaceCase175" time="0.246"/>
  <testcase name="checkRelation" classname="com.cases.VicubeInterfaceCase175" time="1.145"/>
  <testcase name="instanceServiceRemove" classname="com.cases.VicubeInterfaceCase175" time="0.472"/>
  <testcase name="waitForConfirmationCount" classname="com.cases.VicubeInterfaceCase175" time="0.005"/>
  <testcase name="confirmationedCount" classname="com.cases.VicubeInterfaceCase175" time="0.021"/>
  <testcase name="getWaitForConfirmationList" classname="com.cases.VicubeInterfaceCase175" time="0.004"/>
  <testcase name="getConfirmationedList" classname="com.cases.VicubeInterfaceCase175" time="0.002"/>
  <testcase name="getUrmpTreeByKeyFilter" classname="com.cases.VicubeInterfaceCase175" time="1.303"/>
  <testcase name="statisticAlertCountByStateCache" classname="com.cases.VicubeInterfaceCase175" time="0.064"/>
  <testcase name="queryIncidentType" classname="com.cases.VicubeInterfaceCase175" time="0.011"/>
  <testcase name="queryFullUserInfo" classname="com.cases.VicubeInterfaceCase175" time="0.317"/>
  <testcase name="getForwardTypeMap" classname="com.cases.VicubeInterfaceCase175" time="0.138"/>
  <testcase name="getGlobalModule" classname="com.cases.VicubeInterfaceCase175" time="0.013"/>
  <testcase name="countAlertFromCacheForHtmlData" classname="com.cases.VicubeInterfaceCase175" time="0.04"/>
  <testcase name="queryAlertFromCacheForHtmlData" classname="com.cases.VicubeInterfaceCase175" time="0.366"/>
  <testcase name="sendAlertClaimAction" classname="com.cases.VicubeInterfaceCase175" time="0.019"/>
  <testcase name="sendForwordAction" classname="com.cases.VicubeInterfaceCase175" time="0.045"/>
  <testcase name="sendAlertRecoverAction" classname="com.cases.VicubeInterfaceCase175" time="0.021"/>
  <testcase name="getNodeByName" classname="com.cases.VicubeInterfaceCase175" time="0.158"/>
  <testcase name="queryEvent" classname="com.cases.VicubeInterfaceCase175" time="0.008"/>
  <testcase name="queryActionLog" classname="com.cases.VicubeInterfaceCase175" time="0.012"/>
  <testcase name="getRelatedAlerts" classname="com.cases.VicubeInterfaceCase175" time="0.02"/>
  <testcase name="queryDataByCustomSql" classname="com.cases.VicubeInterfaceCase175" time="0.129"/>
  <testcase name="queryFromDbPage" classname="com.cases.VicubeInterfaceCase175" time="0.039"/>
  <testcase name="getPagesize" classname="com.cases.VicubeInterfaceCase175" time="0.012"/>
  <testcase name="queryForwardRecord" classname="com.cases.VicubeInterfaceCase175" time="0.21"/>
  <testcase name="getAllRules" classname="com.cases.VicubeInterfaceCase175" time="0.01"/>
  <testcase name="queryIncident" classname="com.cases.VicubeInterfaceCase175" time="0.16"/>
  <testcase name="getAlerts" classname="com.cases.VicubeInterfaceCase175" time="0.015"/>
  <testcase name="getAllRulesByString" classname="com.cases.VicubeInterfaceCase175" time="0.011"/>
  <testcase name="getDictValues" classname="com.cases.VicubeInterfaceCase175" time="0.019"/>
  <testcase name="getAllTags" classname="com.cases.VicubeInterfaceCase175" time="0.143"/>
  <testcase name="addAlertClassifyRule" classname="com.cases.VicubeInterfaceCase175" time="0.185"/>
  <testcase name="updateAlertClassifyRule" classname="com.cases.VicubeInterfaceCase175" time="0.029"/>
  <testcase name="removeRules" classname="com.cases.VicubeInterfaceCase175" time="0.008"/>
  <testcase name="enableRules" classname="com.cases.VicubeInterfaceCase175" time="0.025"/>
  <testcase name="disableRules" classname="com.cases.VicubeInterfaceCase175" time="0.025"/>
  <testcase name="instanceServiceFindById" classname="com.cases.VicubeInterfaceCase175" time="0.131"/>
</testsuite>