<?xml version="1.0" encoding="UTF-8"?>
<!-- Generated by org.testng.reporters.JUnitReportReporter -->
<testsuite skipped="0" hostname="SKY-20171121VIC" name="com.test.testcases.TestJD" tests="2" failures="0" timestamp="05 六月 2018 09:02:11 GMT" time="39.758" errors="0">
  <testcase name="login" time="18.772" classname="com.test.testcases.TestJD"/>
  <testcase name="login" time="20.986" classname="com.test.testcases.TestJD"/>
</testsuite> <!-- com.test.testcases.TestJD -->
