<?xml version="1.0" encoding="UTF-8"?>
<!-- Generated by org.testng.reporters.JUnitReportReporter -->
<testsuite skipped="0" hostname="丹哥" name="com.test.testcases.SendTestReport" tests="1" failures="0" timestamp="02 七月 2018 02:40:42 GMT" time="3.952" errors="0">
  <testcase name="sendReport" time="3.952" classname="com.test.testcases.SendTestReport"/>
</testsuite> <!-- com.test.testcases.SendTestReport -->
