<?xml version="1.0" encoding="UTF-8"?>
<!-- Generated by org.testng.reporters.JUnitReportReporter -->
<testsuite skipped="3" hostname="丹哥" name="com.test.testcases.VicubeSystemSetup" tests="7" failures="0" timestamp="29 六月 2018 02:13:28 GMT" time="14.484" errors="0">
  <testcase name="VicubeLogin" time="3.296" classname="com.test.testcases.VicubeSystemSetup"/>
  <testcase name="SystemSetting" time="3.189" classname="com.test.testcases.VicubeSystemSetup"/>
  <testcase name="UserManagement" time="1.126" classname="com.test.testcases.VicubeSystemSetup"/>
  <testcase name="select" time="6.873" classname="com.test.testcases.VicubeSystemSetup"/>
  <testcase name="createSave" classname="com.test.testcases.VicubeSystemSetup">
    <skipped/>
  </testcase> <!-- createSave -->
  <testcase name="UserManagementCreate" classname="com.test.testcases.VicubeSystemSetup">
    <skipped/>
  </testcase> <!-- UserManagementCreate -->
  <testcase name="createCancel" classname="com.test.testcases.VicubeSystemSetup">
    <skipped/>
  </testcase> <!-- createCancel -->
</testsuite> <!-- com.test.testcases.VicubeSystemConfigUserManageremConfigUserManager -->
