<?xml version="1.0" encoding="UTF-8"?>
<!-- Generated by org.testng.reporters.JUnitReportReporter -->
<testsuite skipped="5" hostname="LostYouth" name="com.testcases.VicubeSystem" tests="63" failures="0" timestamp="07 九月 2018 06:32:37 GMT" time="188.604" errors="0">
  <testcase name="userAllocationPrivilegeSave" time="1.767" classname="com.testcases.VicubeSystem"/>
  <testcase name="clickSelectButton" time="1.183" classname="com.testcases.VicubeSystem"/>
  <testcase name="userChangeState" time="4.533" classname="com.testcases.VicubeSystem"/>
  <testcase name="userAllocationPrivilege" time="1.838" classname="com.testcases.VicubeSystem"/>
  <testcase name="workingGroupManagement" time="1.098" classname="com.testcases.VicubeSystem"/>
  <testcase name="workingGroupManagementGreate" time="2.953" classname="com.testcases.VicubeSystem"/>
  <testcase name="userAssignmentGroup" time="2.925" classname="com.testcases.VicubeSystem"/>
  <testcase name="editSave" time="1.718" classname="com.testcases.VicubeSystem"/>
  <testcase name="workingGroupAssignmentUser" time="2.892" classname="com.testcases.VicubeSystem"/>
  <testcase name="vicubeLogin" time="2.947" classname="com.testcases.VicubeSystem"/>
  <testcase name="userEditSaveSelect" time="5.183" classname="com.testcases.VicubeSystem"/>
  <testcase name="userManagement" time="1.098" classname="com.testcases.VicubeSystem"/>
  <testcase name="workingGroupManagementSelect" time="4.455" classname="com.testcases.VicubeSystem"/>
  <testcase name="workingGroupAssignmentManagement" time="2.936" classname="com.testcases.VicubeSystem"/>
  <testcase name="userLogin" time="1.648" classname="com.testcases.VicubeSystem"/>
  <testcase name="userResetPassword" time="3.456" classname="com.testcases.VicubeSystem"/>
  <testcase name="vicubeLogin" time="2.948" classname="com.testcases.VicubeSystem"/>
  <testcase name="userEditSaveSelect" time="5.524" classname="com.testcases.VicubeSystem"/>
  <testcase name="promptMessage" time="6.296" classname="com.testcases.VicubeSystem"/>
  <testcase name="userLogoutSystem" time="5.528" classname="com.testcases.VicubeSystem"/>
  <testcase name="auditManagementSelect" time="2.759" classname="com.testcases.VicubeSystem"/>
  <testcase name="userInvalidLogin" time="4.154" classname="com.testcases.VicubeSystem"/>
  <testcase name="userManagement" time="1.150" classname="com.testcases.VicubeSystem"/>
  <testcase name="userEditSaveSelect" time="5.295" classname="com.testcases.VicubeSystem"/>
  <testcase name="workingGroupManagement" time="1.091" classname="com.testcases.VicubeSystem"/>
  <testcase name="userSelect" time="3.882" classname="com.testcases.VicubeSystem"/>
  <testcase name="promptMessage" time="6.272" classname="com.testcases.VicubeSystem"/>
  <testcase name="workingGroupManagementEdit" time="3.819" classname="com.testcases.VicubeSystem"/>
  <testcase name="userAllocationPrivilege" time="1.912" classname="com.testcases.VicubeSystem"/>
  <testcase name="promptMessage" time="6.243" classname="com.testcases.VicubeSystem"/>
  <testcase name="vicubeLogin" time="4.196" classname="com.testcases.VicubeSystem"/>
  <testcase name="auditManagement" time="1.101" classname="com.testcases.VicubeSystem"/>
  <testcase name="systemSetting" time="1.440" classname="com.testcases.VicubeSystem"/>
  <testcase name="promptMessage" time="6.255" classname="com.testcases.VicubeSystem"/>
  <testcase name="userManagement" time="1.100" classname="com.testcases.VicubeSystem"/>
  <testcase name="refresh" time="6.751" classname="com.testcases.VicubeSystem"/>
  <testcase name="systemSetting" time="1.457" classname="com.testcases.VicubeSystem"/>
  <testcase name="systemSetting" time="1.433" classname="com.testcases.VicubeSystem"/>
  <testcase name="userEdit" time="4.055" classname="com.testcases.VicubeSystem"/>
  <testcase name="workingGroupManagementInvalidSelect" time="4.847" classname="com.testcases.VicubeSystem"/>
  <testcase name="userChangeState" time="4.604" classname="com.testcases.VicubeSystem"/>
  <testcase name="auditManagementViewLog" time="2.015" classname="com.testcases.VicubeSystem"/>
  <testcase name="vicubeLogin" time="3.781" classname="com.testcases.VicubeSystem"/>
  <testcase name="userChangeState" time="4.542" classname="com.testcases.VicubeSystem"/>
  <testcase name="systemSetting" time="1.426" classname="com.testcases.VicubeSystem"/>
  <testcase name="userDelete" time="3.429" classname="com.testcases.VicubeSystem"/>
  <testcase name="userAllocationPrivilegeSave" time="1.753" classname="com.testcases.VicubeSystem"/>
  <testcase name="vicubeLogin" time="1.841" classname="com.testcases.VicubeSystem"/>
  <testcase name="userLogoutSystem" time="5.488" classname="com.testcases.VicubeSystem"/>
  <testcase name="commonSave" time="1.775" classname="com.testcases.VicubeSystem"/>
  <testcase name="clickSelectButton" time="1.218" classname="com.testcases.VicubeSystem"/>
  <testcase name="commonSave" time="1.774" classname="com.testcases.VicubeSystem"/>
  <testcase name="userGroupDelete" time="3.415" classname="com.testcases.VicubeSystem"/>
  <testcase name="userManagementCreate" time="5.089" classname="com.testcases.VicubeSystem"/>
  <testcase name="systemSetting" time="1.693" classname="com.testcases.VicubeSystem"/>
  <testcase name="workingGroupManagementEditSelect" time="4.611" classname="com.testcases.VicubeSystem"/>
  <testcase name="userCreateSave" time="1.772" classname="com.testcases.VicubeSystem"/>
  <testcase name="promptMessage" time="6.240" classname="com.testcases.VicubeSystem"/>
  <testcase name="userViewConfig" classname="com.testcases.VicubeSystem">
    <skipped/>
  </testcase> <!-- userViewConfig -->
  <testcase name="userViewConfig" classname="com.testcases.VicubeSystem">
    <skipped/>
  </testcase> <!-- userViewConfig -->
  <testcase name="userViewConfig" classname="com.testcases.VicubeSystem">
    <skipped/>
  </testcase> <!-- userViewConfig -->
  <testcase name="userViewConfig" classname="com.testcases.VicubeSystem">
    <skipped/>
  </testcase> <!-- userViewConfig -->
  <testcase name="userViewConfig" classname="com.testcases.VicubeSystem">
    <skipped/>
  </testcase> <!-- userViewConfig -->
</testsuite> <!-- com.testcases.VicubeSystem -->
